[0.014s] Invoking command in '/home/vasista/drone_racing_ros2_ws/build/tello_description': CMAKE_PREFIX_PATH=/opt/ros/galactic /usr/bin/cmake /home/vasista/drone_racing_ros2_ws/tello_ros/tello_description -DCMAKE_INSTALL_PREFIX=/home/vasista/drone_racing_ros2_ws/install/tello_description
[0.808s] -- The C compiler identification is GNU 9.4.0
[1.467s] -- The CXX compiler identification is GNU 9.4.0
[1.477s] -- Check for working C compiler: /usr/bin/cc
[1.525s] -- Check for working C compiler: /usr/bin/cc -- works
[1.527s] -- Detecting C compiler ABI info
[1.576s] -- Detecting C compiler ABI info - done
[1.590s] -- Detecting C compile features
[1.590s] -- Detecting C compile features - done
[1.593s] -- Check for working CXX compiler: /usr/bin/c++
[1.648s] -- Check for working CXX compiler: /usr/bin/c++ -- works
[1.649s] -- Detecting CXX compiler ABI info
[1.706s] -- Detecting CXX compiler ABI info - done
[1.714s] -- Detecting CXX compile features
[1.714s] -- Detecting CXX compile features - done
[1.720s] -- Found ament_cmake: 1.1.6 (/opt/ros/galactic/share/ament_cmake/cmake)
[1.744s] -- Found PythonInterp: /usr/bin/python3 (found suitable version "3.8.10", minimum required is "3") 
[1.744s] -- Using PYTHON_EXECUTABLE: /usr/bin/python3
[1.830s] -- creating rules for /home/vasista/drone_racing_ros2_ws/build/tello_description/urdf/tello.urdf
[1.830s] -- creating rules for /home/vasista/drone_racing_ros2_ws/build/tello_description/urdf/tello_1.urdf
[1.830s] -- creating rules for /home/vasista/drone_racing_ros2_ws/build/tello_description/urdf/tello_2.urdf
[1.830s] -- creating rules for /home/vasista/drone_racing_ros2_ws/build/tello_description/urdf/tello_3.urdf
[1.830s] -- creating rules for /home/vasista/drone_racing_ros2_ws/build/tello_description/urdf/tello_4.urdf
[1.830s] -- creating rules for /home/vasista/drone_racing_ros2_ws/build/tello_description/urdf/tello_5.urdf
[1.830s] -- creating rules for /home/vasista/drone_racing_ros2_ws/build/tello_description/urdf/tello_6.urdf
[1.830s] -- creating rules for /home/vasista/drone_racing_ros2_ws/build/tello_description/urdf/tello_7.urdf
[1.830s] -- creating rules for /home/vasista/drone_racing_ros2_ws/build/tello_description/urdf/tello_8.urdf
[1.875s] -- Configuring done
[1.878s] -- Generating done
[1.882s] -- Build files have been written to: /home/vasista/drone_racing_ros2_ws/build/tello_description
[1.884s] Invoked command in '/home/vasista/drone_racing_ros2_ws/build/tello_description' returned '0': CMAKE_PREFIX_PATH=/opt/ros/galactic /usr/bin/cmake /home/vasista/drone_racing_ros2_ws/tello_ros/tello_description -DCMAKE_INSTALL_PREFIX=/home/vasista/drone_racing_ros2_ws/install/tello_description
[1.886s] Invoking command in '/home/vasista/drone_racing_ros2_ws/build/tello_description': CMAKE_PREFIX_PATH=/opt/ros/galactic /usr/bin/cmake --build /home/vasista/drone_racing_ros2_ws/build/tello_description -- -j8 -l8
[1.917s] [35m[1mScanning dependencies of target generate_urdf_1[0m
[1.917s] [35m[1mScanning dependencies of target generate_urdf_3[0m
[1.918s] [35m[1mScanning dependencies of target generate_urdf_6[0m
[1.918s] [35m[1mScanning dependencies of target generate_urdf_8[0m
[1.918s] [35m[1mScanning dependencies of target generate_urdf_4[0m
[1.918s] [35m[1mScanning dependencies of target generate_urdf_5[0m
[1.923s] [35m[1mScanning dependencies of target generate_urdf[0m
[1.926s] [35m[1mScanning dependencies of target generate_urdf_7[0m
[1.927s] [ 11%] [34m[1mGenerate /home/vasista/drone_racing_ros2_ws/build/tello_description/urdf/tello_6.urdf[0m
[1.927s] [ 22%] [34m[1mGenerate /home/vasista/drone_racing_ros2_ws/build/tello_description/urdf/tello_8.urdf[0m
[1.935s] [ 44%] [34m[1mGenerate /home/vasista/drone_racing_ros2_ws/build/tello_description/urdf/tello.urdf[0m
[1.935s] [ 55%] [34m[1mGenerate /home/vasista/drone_racing_ros2_ws/build/tello_description/urdf/tello_5.urdf[0m
[1.935s] [ 55%] [34m[1mGenerate /home/vasista/drone_racing_ros2_ws/build/tello_description/urdf/tello_3.urdf[0m
[1.935s] [ 66%] [34m[1mGenerate /home/vasista/drone_racing_ros2_ws/build/tello_description/urdf/tello_7.urdf[0m
[1.942s] [ 77%] [34m[1mGenerate /home/vasista/drone_racing_ros2_ws/build/tello_description/urdf/tello_4.urdf[0m
[1.950s] [ 88%] [34m[1mGenerate /home/vasista/drone_racing_ros2_ws/build/tello_description/urdf/tello_1.urdf[0m
[1.973s] [ 88%] Built target generate_urdf_8
[1.974s] [ 88%] Built target generate_urdf_5
[1.987s] [ 88%] Built target generate_urdf
[1.987s] [ 88%] Built target generate_urdf_6
[1.987s] [ 88%] Built target generate_urdf_1
[1.990s] [ 88%] Built target generate_urdf_4
[1.993s] [ 88%] Built target generate_urdf_3
[1.995s] [35m[1mScanning dependencies of target generate_urdf_2[0m
[1.998s] [ 88%] Built target generate_urdf_7
[2.002s] [100%] [34m[1mGenerate /home/vasista/drone_racing_ros2_ws/build/tello_description/urdf/tello_2.urdf[0m
[2.025s] [100%] Built target generate_urdf_2
[2.034s] Invoked command in '/home/vasista/drone_racing_ros2_ws/build/tello_description' returned '0': CMAKE_PREFIX_PATH=/opt/ros/galactic /usr/bin/cmake --build /home/vasista/drone_racing_ros2_ws/build/tello_description -- -j8 -l8
[2.036s] Invoking command in '/home/vasista/drone_racing_ros2_ws/build/tello_description': CMAKE_PREFIX_PATH=/opt/ros/galactic /usr/bin/cmake --install /home/vasista/drone_racing_ros2_ws/build/tello_description
[2.042s] -- Install configuration: ""
[2.042s] -- Installing: /home/vasista/drone_racing_ros2_ws/install/tello_description/share/tello_description/urdf
[2.042s] -- Installing: /home/vasista/drone_racing_ros2_ws/install/tello_description/share/tello_description/urdf/tello_4.urdf
[2.042s] -- Installing: /home/vasista/drone_racing_ros2_ws/install/tello_description/share/tello_description/urdf/tello.urdf
[2.042s] -- Installing: /home/vasista/drone_racing_ros2_ws/install/tello_description/share/tello_description/urdf/tello_7.urdf
[2.042s] -- Installing: /home/vasista/drone_racing_ros2_ws/install/tello_description/share/tello_description/urdf/tello_2.urdf
[2.042s] -- Installing: /home/vasista/drone_racing_ros2_ws/install/tello_description/share/tello_description/urdf/tello_5.urdf
[2.042s] -- Installing: /home/vasista/drone_racing_ros2_ws/install/tello_description/share/tello_description/urdf/tello_1.urdf
[2.042s] -- Installing: /home/vasista/drone_racing_ros2_ws/install/tello_description/share/tello_description/urdf/tello_6.urdf
[2.042s] -- Installing: /home/vasista/drone_racing_ros2_ws/install/tello_description/share/tello_description/urdf/tello_3.urdf
[2.042s] -- Installing: /home/vasista/drone_racing_ros2_ws/install/tello_description/share/tello_description/urdf/tello_8.urdf
[2.043s] -- Installing: /home/vasista/drone_racing_ros2_ws/install/tello_description/share/ament_index/resource_index/package_run_dependencies/tello_description
[2.043s] -- Installing: /home/vasista/drone_racing_ros2_ws/install/tello_description/share/ament_index/resource_index/parent_prefix_path/tello_description
[2.043s] -- Installing: /home/vasista/drone_racing_ros2_ws/install/tello_description/share/tello_description/environment/ament_prefix_path.sh
[2.043s] -- Installing: /home/vasista/drone_racing_ros2_ws/install/tello_description/share/tello_description/environment/ament_prefix_path.dsv
[2.043s] -- Installing: /home/vasista/drone_racing_ros2_ws/install/tello_description/share/tello_description/environment/path.sh
[2.043s] -- Installing: /home/vasista/drone_racing_ros2_ws/install/tello_description/share/tello_description/environment/path.dsv
[2.043s] -- Installing: /home/vasista/drone_racing_ros2_ws/install/tello_description/share/tello_description/local_setup.bash
[2.043s] -- Installing: /home/vasista/drone_racing_ros2_ws/install/tello_description/share/tello_description/local_setup.sh
[2.043s] -- Installing: /home/vasista/drone_racing_ros2_ws/install/tello_description/share/tello_description/local_setup.zsh
[2.043s] -- Installing: /home/vasista/drone_racing_ros2_ws/install/tello_description/share/tello_description/local_setup.dsv
[2.043s] -- Installing: /home/vasista/drone_racing_ros2_ws/install/tello_description/share/tello_description/package.dsv
[2.043s] -- Installing: /home/vasista/drone_racing_ros2_ws/install/tello_description/share/ament_index/resource_index/packages/tello_description
[2.043s] -- Installing: /home/vasista/drone_racing_ros2_ws/install/tello_description/share/tello_description/cmake/tello_descriptionConfig.cmake
[2.043s] -- Installing: /home/vasista/drone_racing_ros2_ws/install/tello_description/share/tello_description/cmake/tello_descriptionConfig-version.cmake
[2.043s] -- Installing: /home/vasista/drone_racing_ros2_ws/install/tello_description/share/tello_description/package.xml
[2.045s] Invoked command in '/home/vasista/drone_racing_ros2_ws/build/tello_description' returned '0': CMAKE_PREFIX_PATH=/opt/ros/galactic /usr/bin/cmake --install /home/vasista/drone_racing_ros2_ws/build/tello_description
