[0.011s] Invoking command in '/home/vasista/drone_racing_ros2_ws/build/tello_gazebo': AMENT_PREFIX_PATH=/home/vasista/drone_racing_ros2_ws/install/tello_msgs:${AMENT_PREFIX_PATH} CMAKE_PREFIX_PATH=/home/vasista/drone_racing_ros2_ws/install/tello_msgs:/opt/ros/galactic LD_LIBRARY_PATH=/home/vasista/drone_racing_ros2_ws/install/tello_msgs/lib:/usr/lib/x86_64-linux-gnu/gazebo-11/plugins:/opt/ros/galactic/opt/yaml_cpp_vendor/lib:/opt/ros/galactic/opt/rviz_ogre_vendor/lib:/opt/ros/galactic/lib/x86_64-linux-gnu:/opt/ros/galactic/lib:/usr/lib/x86_64-linux-gnu/gazebo-11/plugins PYTHONPATH=/home/vasista/drone_racing_ros2_ws/install/tello_msgs/lib/python3.8/site-packages:${PYTHONPATH} /usr/bin/cmake /home/vasista/drone_racing_ros2_ws/tello_ros/tello_gazebo -DCMAKE_INSTALL_PREFIX=/home/vasista/drone_racing_ros2_ws/install/tello_gazebo
[0.048s] -- The C compiler identification is GNU 9.4.0
[0.084s] -- The CXX compiler identification is GNU 9.4.0
[0.089s] -- Check for working C compiler: /usr/bin/cc
[0.133s] -- Check for working C compiler: /usr/bin/cc -- works
[0.134s] -- Detecting C compiler ABI info
[0.178s] -- Detecting C compiler ABI info - done
[0.186s] -- Detecting C compile features
[0.186s] -- Detecting C compile features - done
[0.187s] -- Check for working CXX compiler: /usr/bin/c++
[0.240s] -- Check for working CXX compiler: /usr/bin/c++ -- works
[0.241s] -- Detecting CXX compiler ABI info
[0.294s] -- Detecting CXX compiler ABI info - done
[0.301s] -- Detecting CXX compile features
[0.302s] -- Detecting CXX compile features - done
[0.303s] -- Found ament_cmake: 1.1.6 (/opt/ros/galactic/share/ament_cmake/cmake)
[0.319s] -- Found PythonInterp: /usr/bin/python3 (found suitable version "3.8.10", minimum required is "3") 
[0.319s] -- Using PYTHON_EXECUTABLE: /usr/bin/python3
[0.377s] -- Found PkgConfig: /usr/bin/pkg-config (found version "0.29.1") 
[0.380s] -- Checking for module 'bullet>=2.82'
[0.390s] --   Found bullet, version 2.88
[0.482s] -- Found ccd: /usr/include (found suitable version "2.0", minimum required is "2.0") 
[0.522s] -- Found fcl: /usr/include (found suitable version "0.5.0", minimum required is "0.3.2") 
[0.562s] -- Found assimp: /usr/include (found version "5.0.0") 
[0.599s] -- Found DART: /usr/include (Required is at least version "6.6") found components: dart 
[0.811s] -- Found Boost: /usr/lib/x86_64-linux-gnu/cmake/Boost-1.71.0/BoostConfig.cmake (found suitable version "1.71.0", minimum required is "1.40.0") found components: thread system filesystem program_options regex iostreams date_time 
[0.888s] -- Found Protobuf: /usr/lib/x86_64-linux-gnu/libprotobuf.so;-lpthread (found version "3.6.1") 
[0.894s] -- Looking for ignition-math6 -- found version 6.15.1
[0.910s] -- Searching for dependencies of ignition-math6
[0.914s] -- Looking for OGRE...
[0.915s] -- OGRE_PREFIX_WATCH changed.
[0.919s] -- Checking for module 'OGRE'
[0.928s] --   Found OGRE, version 1.9.0
[0.957s] -- Found Ogre Ghadamon (1.9.0)
[0.963s] -- Found OGRE: optimized;/usr/lib/x86_64-linux-gnu/libOgreMain.so;debug;/usr/lib/x86_64-linux-gnu/libOgreMain.so
[0.972s] -- Looking for OGRE_Paging...
[0.977s] -- Found OGRE_Paging: optimized;/usr/lib/x86_64-linux-gnu/libOgrePaging.so;debug;/usr/lib/x86_64-linux-gnu/libOgrePaging.so
[0.977s] -- Looking for OGRE_Terrain...
[0.981s] -- Found OGRE_Terrain: optimized;/usr/lib/x86_64-linux-gnu/libOgreTerrain.so;debug;/usr/lib/x86_64-linux-gnu/libOgreTerrain.so
[0.981s] -- Looking for OGRE_Property...
[0.984s] -- Found OGRE_Property: optimized;/usr/lib/x86_64-linux-gnu/libOgreProperty.so;debug;/usr/lib/x86_64-linux-gnu/libOgreProperty.so
[0.984s] -- Looking for OGRE_RTShaderSystem...
[0.989s] -- Found OGRE_RTShaderSystem: optimized;/usr/lib/x86_64-linux-gnu/libOgreRTShaderSystem.so;debug;/usr/lib/x86_64-linux-gnu/libOgreRTShaderSystem.so
[0.989s] -- Looking for OGRE_Volume...
[0.993s] -- Found OGRE_Volume: optimized;/usr/lib/x86_64-linux-gnu/libOgreVolume.so;debug;/usr/lib/x86_64-linux-gnu/libOgreVolume.so
[0.993s] -- Looking for OGRE_Overlay...
[0.997s] -- Found OGRE_Overlay: optimized;/usr/lib/x86_64-linux-gnu/libOgreOverlay.so;debug;/usr/lib/x86_64-linux-gnu/libOgreOverlay.so
[1.076s] -- Looking for ignition-math6 -- found version 6.15.1
[1.079s] -- Looking for ignition-transport8 -- found version 8.3.0
[1.079s] -- Searching for dependencies of ignition-transport8
[1.092s] -- Found Protobuf: /usr/lib/x86_64-linux-gnu/libprotobuf.so;-lpthread (found suitable version "3.6.1", minimum required is "3") 
[1.100s] -- Config-file not installed for ZeroMQ -- checking for pkg-config
[1.103s] -- Checking for module 'libzmq >= 4'
[1.115s] --   Found libzmq , version 4.3.2
[1.140s] -- Found ZeroMQ: TRUE (Required is at least version "4") 
[1.145s] -- Checking for module 'uuid'
[1.155s] --   Found uuid, version 2.34.0
[1.179s] -- Found UUID: TRUE  
[1.182s] -- Looking for ignition-msgs5 -- found version 5.10.0
[1.182s] -- Searching for dependencies of ignition-msgs5
[1.195s] -- Looking for ignition-math6 -- found version 6.15.1
[1.199s] -- Checking for module 'tinyxml2'
[1.209s] --   Found tinyxml2, version 6.2.0
[1.238s] -- Looking for ignition-msgs5 -- found version 5.10.0
[1.241s] -- Looking for ignition-common3 -- found version 3.14.2
[1.242s] -- Searching for dependencies of ignition-common3
[1.242s] -- Looking for dlfcn.h - found
[1.243s] -- Looking for libdl - found
[1.245s] -- Found DL: TRUE  
[1.254s] -- Searching for <ignition-common3> component [graphics]
[1.257s] -- Looking for ignition-common3-graphics -- found version 3.14.2
[1.257s] -- Searching for dependencies of ignition-common3-graphics
[1.258s] -- Looking for ignition-math6 -- found version 6.15.1
[1.262s] -- Looking for ignition-fuel_tools4 -- found version 4.6.0
[1.263s] -- Searching for dependencies of ignition-fuel_tools4
[1.321s] -- Found CURL: /usr/lib/x86_64-linux-gnu/libcurl.so (found version "7.68.0")  
[1.328s] -- Checking for module 'jsoncpp'
[1.339s] --   Found jsoncpp, version 1.7.4
[1.365s] -- Found JSONCPP: TRUE  
[1.371s] -- Checking for module 'libzip'
[1.381s] --   Found libzip, version 1.5.1
[1.407s] -- Found ZIP: TRUE  
[1.407s] -- Looking for ignition-common3 -- found version 3.14.2
[1.407s] -- Looking for ignition-math6 -- found version 6.15.1
[1.407s] -- Looking for ignition-msgs5 -- found version 5.10.0
[1.411s] -- Found gazebo_dev: 3.5.2 (/opt/ros/galactic/share/gazebo_dev/cmake)
[1.412s] -- Gazebo version: 11.11
[1.413s] -- Found gazebo_ros: 3.5.2 (/opt/ros/galactic/share/gazebo_ros/cmake)
[1.444s] -- Using all available rosidl_typesupport_c: rosidl_typesupport_fastrtps_c;rosidl_typesupport_introspection_c
[1.449s] -- Found rosidl_adapter: 2.2.3 (/opt/ros/galactic/share/rosidl_adapter/cmake)
[1.507s] -- Found OpenSSL: /usr/lib/x86_64-linux-gnu/libcrypto.so (found version "1.1.1f")  
[1.527s] -- Found FastRTPS: /opt/ros/galactic/include  
[1.584s] -- Using all available rosidl_typesupport_cpp: rosidl_typesupport_fastrtps_cpp;rosidl_typesupport_introspection_cpp
[1.627s] -- Found rmw_implementation_cmake: 3.3.1 (/opt/ros/galactic/share/rmw_implementation_cmake/cmake)
[1.629s] -- Found rmw_cyclonedds_cpp: 0.22.6 (/opt/ros/galactic/share/rmw_cyclonedds_cpp/cmake)
[1.643s] -- Using RMW implementation 'rmw_cyclonedds_cpp' as default
[1.644s] -- Found Threads: TRUE  
[1.801s] -- Found geometry_msgs: 2.2.4 (/opt/ros/galactic/share/geometry_msgs/cmake)
[1.843s] -- Found sensor_msgs: 2.2.4 (/opt/ros/galactic/share/sensor_msgs/cmake)
[1.934s] -- Found tello_msgs: 0.1.0 (/home/vasista/drone_racing_ros2_ws/install/tello_msgs/share/tello_msgs/cmake)
[2.070s] -- Configuring done
[2.125s] -- Generating done
[2.158s] -- Build files have been written to: /home/vasista/drone_racing_ros2_ws/build/tello_gazebo
[2.197s] Invoked command in '/home/vasista/drone_racing_ros2_ws/build/tello_gazebo' returned '0': AMENT_PREFIX_PATH=/home/vasista/drone_racing_ros2_ws/install/tello_msgs:${AMENT_PREFIX_PATH} CMAKE_PREFIX_PATH=/home/vasista/drone_racing_ros2_ws/install/tello_msgs:/opt/ros/galactic LD_LIBRARY_PATH=/home/vasista/drone_racing_ros2_ws/install/tello_msgs/lib:/usr/lib/x86_64-linux-gnu/gazebo-11/plugins:/opt/ros/galactic/opt/yaml_cpp_vendor/lib:/opt/ros/galactic/opt/rviz_ogre_vendor/lib:/opt/ros/galactic/lib/x86_64-linux-gnu:/opt/ros/galactic/lib:/usr/lib/x86_64-linux-gnu/gazebo-11/plugins PYTHONPATH=/home/vasista/drone_racing_ros2_ws/install/tello_msgs/lib/python3.8/site-packages:${PYTHONPATH} /usr/bin/cmake /home/vasista/drone_racing_ros2_ws/tello_ros/tello_gazebo -DCMAKE_INSTALL_PREFIX=/home/vasista/drone_racing_ros2_ws/install/tello_gazebo
[2.200s] Invoking command in '/home/vasista/drone_racing_ros2_ws/build/tello_gazebo': AMENT_PREFIX_PATH=/home/vasista/drone_racing_ros2_ws/install/tello_msgs:${AMENT_PREFIX_PATH} CMAKE_PREFIX_PATH=/home/vasista/drone_racing_ros2_ws/install/tello_msgs:/opt/ros/galactic LD_LIBRARY_PATH=/home/vasista/drone_racing_ros2_ws/install/tello_msgs/lib:/usr/lib/x86_64-linux-gnu/gazebo-11/plugins:/opt/ros/galactic/opt/yaml_cpp_vendor/lib:/opt/ros/galactic/opt/rviz_ogre_vendor/lib:/opt/ros/galactic/lib/x86_64-linux-gnu:/opt/ros/galactic/lib:/usr/lib/x86_64-linux-gnu/gazebo-11/plugins PYTHONPATH=/home/vasista/drone_racing_ros2_ws/install/tello_msgs/lib/python3.8/site-packages:${PYTHONPATH} /usr/bin/cmake --build /home/vasista/drone_racing_ros2_ws/build/tello_gazebo -- -j8 -l8
[2.392s] [35m[1mScanning dependencies of target TelloPlugin[0m
[3.041s] [ 50%] [32mBuilding CXX object CMakeFiles/TelloPlugin.dir/src/tello_plugin.cpp.o[0m
[24.204s] [100%] [32m[1mLinking CXX shared library libTelloPlugin.so[0m
[24.855s] [100%] Built target TelloPlugin
[24.869s] Invoked command in '/home/vasista/drone_racing_ros2_ws/build/tello_gazebo' returned '0': AMENT_PREFIX_PATH=/home/vasista/drone_racing_ros2_ws/install/tello_msgs:${AMENT_PREFIX_PATH} CMAKE_PREFIX_PATH=/home/vasista/drone_racing_ros2_ws/install/tello_msgs:/opt/ros/galactic LD_LIBRARY_PATH=/home/vasista/drone_racing_ros2_ws/install/tello_msgs/lib:/usr/lib/x86_64-linux-gnu/gazebo-11/plugins:/opt/ros/galactic/opt/yaml_cpp_vendor/lib:/opt/ros/galactic/opt/rviz_ogre_vendor/lib:/opt/ros/galactic/lib/x86_64-linux-gnu:/opt/ros/galactic/lib:/usr/lib/x86_64-linux-gnu/gazebo-11/plugins PYTHONPATH=/home/vasista/drone_racing_ros2_ws/install/tello_msgs/lib/python3.8/site-packages:${PYTHONPATH} /usr/bin/cmake --build /home/vasista/drone_racing_ros2_ws/build/tello_gazebo -- -j8 -l8
[24.870s] Invoking command in '/home/vasista/drone_racing_ros2_ws/build/tello_gazebo': AMENT_PREFIX_PATH=/home/vasista/drone_racing_ros2_ws/install/tello_msgs:${AMENT_PREFIX_PATH} CMAKE_PREFIX_PATH=/home/vasista/drone_racing_ros2_ws/install/tello_msgs:/opt/ros/galactic LD_LIBRARY_PATH=/home/vasista/drone_racing_ros2_ws/install/tello_msgs/lib:/usr/lib/x86_64-linux-gnu/gazebo-11/plugins:/opt/ros/galactic/opt/yaml_cpp_vendor/lib:/opt/ros/galactic/opt/rviz_ogre_vendor/lib:/opt/ros/galactic/lib/x86_64-linux-gnu:/opt/ros/galactic/lib:/usr/lib/x86_64-linux-gnu/gazebo-11/plugins PYTHONPATH=/home/vasista/drone_racing_ros2_ws/install/tello_msgs/lib/python3.8/site-packages:${PYTHONPATH} /usr/bin/cmake --install /home/vasista/drone_racing_ros2_ws/build/tello_gazebo
[24.876s] -- Install configuration: ""
[24.876s] -- Installing: /home/vasista/drone_racing_ros2_ws/install/tello_gazebo/lib/libTelloPlugin.so
[24.880s] -- Set runtime path of "/home/vasista/drone_racing_ros2_ws/install/tello_gazebo/lib/libTelloPlugin.so" to ""
[24.880s] -- Installing: /home/vasista/drone_racing_ros2_ws/install/tello_gazebo/share/tello_gazebo/models
[24.880s] -- Installing: /home/vasista/drone_racing_ros2_ws/install/tello_gazebo/share/tello_gazebo/models/square_gate_green_short
[24.880s] -- Installing: /home/vasista/drone_racing_ros2_ws/install/tello_gazebo/share/tello_gazebo/models/square_gate_green_short/model.config
[24.880s] -- Installing: /home/vasista/drone_racing_ros2_ws/install/tello_gazebo/share/tello_gazebo/models/square_gate_green_short/model.sdf
[24.880s] -- Installing: /home/vasista/drone_racing_ros2_ws/install/tello_gazebo/share/tello_gazebo/models/square_gate_green_short/square_gate_short.dae
[24.880s] -- Installing: /home/vasista/drone_racing_ros2_ws/install/tello_gazebo/share/tello_gazebo/models/square_gate_green
[24.880s] -- Installing: /home/vasista/drone_racing_ros2_ws/install/tello_gazebo/share/tello_gazebo/models/square_gate_green/model.config
[24.881s] -- Installing: /home/vasista/drone_racing_ros2_ws/install/tello_gazebo/share/tello_gazebo/models/square_gate_green/model.sdf
[24.881s] -- Installing: /home/vasista/drone_racing_ros2_ws/install/tello_gazebo/share/tello_gazebo/models/square_gate_green/square_gate.dae
[24.881s] -- Installing: /home/vasista/drone_racing_ros2_ws/install/tello_gazebo/share/tello_gazebo/models/asphalt_plane
[24.881s] -- Installing: /home/vasista/drone_racing_ros2_ws/install/tello_gazebo/share/tello_gazebo/models/asphalt_plane/model-1_4.sdf
[24.881s] -- Installing: /home/vasista/drone_racing_ros2_ws/install/tello_gazebo/share/tello_gazebo/models/asphalt_plane/model.config
[24.881s] -- Installing: /home/vasista/drone_racing_ros2_ws/install/tello_gazebo/share/tello_gazebo/models/asphalt_plane/model.sdf
[24.881s] -- Installing: /home/vasista/drone_racing_ros2_ws/install/tello_gazebo/share/tello_gazebo/models/asphalt_plane/materials
[24.881s] -- Installing: /home/vasista/drone_racing_ros2_ws/install/tello_gazebo/share/tello_gazebo/models/asphalt_plane/materials/scripts
[24.881s] -- Installing: /home/vasista/drone_racing_ros2_ws/install/tello_gazebo/share/tello_gazebo/models/asphalt_plane/materials/scripts/asphalt.material
[24.881s] -- Installing: /home/vasista/drone_racing_ros2_ws/install/tello_gazebo/share/tello_gazebo/models/asphalt_plane/materials/textures
[24.881s] -- Installing: /home/vasista/drone_racing_ros2_ws/install/tello_gazebo/share/tello_gazebo/models/asphalt_plane/materials/textures/tarmac.png
[24.882s] -- Installing: /home/vasista/drone_racing_ros2_ws/install/tello_gazebo/share/tello_gazebo/models/euro_pallet
[24.882s] -- Installing: /home/vasista/drone_racing_ros2_ws/install/tello_gazebo/share/tello_gazebo/models/euro_pallet/model.config
[24.882s] -- Installing: /home/vasista/drone_racing_ros2_ws/install/tello_gazebo/share/tello_gazebo/models/euro_pallet/model.sdf
[24.882s] -- Installing: /home/vasista/drone_racing_ros2_ws/install/tello_gazebo/share/tello_gazebo/models/euro_pallet/meshes
[24.882s] -- Installing: /home/vasista/drone_racing_ros2_ws/install/tello_gazebo/share/tello_gazebo/models/euro_pallet/meshes/pallet.dae
[24.882s] -- Installing: /home/vasista/drone_racing_ros2_ws/install/tello_gazebo/share/tello_gazebo/models/circle_gate_green_tall
[24.882s] -- Installing: /home/vasista/drone_racing_ros2_ws/install/tello_gazebo/share/tello_gazebo/models/circle_gate_green_tall/circle_gate_tall.dae
[24.882s] -- Installing: /home/vasista/drone_racing_ros2_ws/install/tello_gazebo/share/tello_gazebo/models/circle_gate_green_tall/model.config
[24.883s] -- Installing: /home/vasista/drone_racing_ros2_ws/install/tello_gazebo/share/tello_gazebo/models/circle_gate_green_tall/model.sdf
[24.883s] -- Installing: /home/vasista/drone_racing_ros2_ws/install/tello_gazebo/share/tello_gazebo/models/square_gate_blue
[24.883s] -- Installing: /home/vasista/drone_racing_ros2_ws/install/tello_gazebo/share/tello_gazebo/models/square_gate_blue/model.config
[24.883s] -- Installing: /home/vasista/drone_racing_ros2_ws/install/tello_gazebo/share/tello_gazebo/models/square_gate_blue/model.sdf
[24.883s] -- Installing: /home/vasista/drone_racing_ros2_ws/install/tello_gazebo/share/tello_gazebo/models/square_gate_blue/square_gate.dae
[24.883s] -- Installing: /home/vasista/drone_racing_ros2_ws/install/tello_gazebo/share/tello_gazebo/models/square_gate_red
[24.883s] -- Installing: /home/vasista/drone_racing_ros2_ws/install/tello_gazebo/share/tello_gazebo/models/square_gate_red/model.config
[24.883s] -- Installing: /home/vasista/drone_racing_ros2_ws/install/tello_gazebo/share/tello_gazebo/models/square_gate_red/model.sdf
[24.883s] -- Installing: /home/vasista/drone_racing_ros2_ws/install/tello_gazebo/share/tello_gazebo/models/square_gate_red/square_gate.dae
[24.883s] -- Installing: /home/vasista/drone_racing_ros2_ws/install/tello_gazebo/share/tello_gazebo/models/square_gate_green_tall
[24.883s] -- Installing: /home/vasista/drone_racing_ros2_ws/install/tello_gazebo/share/tello_gazebo/models/square_gate_green_tall/model.config
[24.883s] -- Installing: /home/vasista/drone_racing_ros2_ws/install/tello_gazebo/share/tello_gazebo/models/square_gate_green_tall/square_gate_tall.dae
[24.883s] -- Installing: /home/vasista/drone_racing_ros2_ws/install/tello_gazebo/share/tello_gazebo/models/square_gate_green_tall/model.sdf
[24.883s] -- Installing: /home/vasista/drone_racing_ros2_ws/install/tello_gazebo/share/tello_gazebo/models/circle_gate_red
[24.883s] -- Installing: /home/vasista/drone_racing_ros2_ws/install/tello_gazebo/share/tello_gazebo/models/circle_gate_red/model.config
[24.883s] -- Installing: /home/vasista/drone_racing_ros2_ws/install/tello_gazebo/share/tello_gazebo/models/circle_gate_red/model.sdf
[24.883s] -- Installing: /home/vasista/drone_racing_ros2_ws/install/tello_gazebo/share/tello_gazebo/models/circle_gate_red/circle_gate.dae
[24.884s] -- Installing: /home/vasista/drone_racing_ros2_ws/install/tello_gazebo/share/tello_gazebo/models/circle_gate_green_short
[24.884s] -- Installing: /home/vasista/drone_racing_ros2_ws/install/tello_gazebo/share/tello_gazebo/models/circle_gate_green_short/model.config
[24.884s] -- Installing: /home/vasista/drone_racing_ros2_ws/install/tello_gazebo/share/tello_gazebo/models/circle_gate_green_short/model.sdf
[24.884s] -- Installing: /home/vasista/drone_racing_ros2_ws/install/tello_gazebo/share/tello_gazebo/models/circle_gate_green_short/circle_gate_short.dae
[24.884s] -- Installing: /home/vasista/drone_racing_ros2_ws/install/tello_gazebo/share/tello_gazebo/models/circle_gate_green
[24.884s] -- Installing: /home/vasista/drone_racing_ros2_ws/install/tello_gazebo/share/tello_gazebo/models/circle_gate_green/model.config
[24.884s] -- Installing: /home/vasista/drone_racing_ros2_ws/install/tello_gazebo/share/tello_gazebo/models/circle_gate_green/model.sdf
[24.884s] -- Installing: /home/vasista/drone_racing_ros2_ws/install/tello_gazebo/share/tello_gazebo/models/circle_gate_green/circle_gate.dae
[24.884s] -- Installing: /home/vasista/drone_racing_ros2_ws/install/tello_gazebo/share/tello_gazebo/models/circle_gate_blue
[24.884s] -- Installing: /home/vasista/drone_racing_ros2_ws/install/tello_gazebo/share/tello_gazebo/models/circle_gate_blue/model.config
[24.884s] -- Installing: /home/vasista/drone_racing_ros2_ws/install/tello_gazebo/share/tello_gazebo/models/circle_gate_blue/model.sdf
[24.884s] -- Installing: /home/vasista/drone_racing_ros2_ws/install/tello_gazebo/share/tello_gazebo/models/circle_gate_blue/circle_gate.dae
[24.884s] -- Installing: /home/vasista/drone_racing_ros2_ws/install/tello_gazebo/share/tello_gazebo/models/stop_sign
[24.884s] -- Installing: /home/vasista/drone_racing_ros2_ws/install/tello_gazebo/share/tello_gazebo/models/stop_sign/model-1_4.sdf
[24.884s] -- Installing: /home/vasista/drone_racing_ros2_ws/install/tello_gazebo/share/tello_gazebo/models/stop_sign/model-1_3.sdf
[24.884s] -- Installing: /home/vasista/drone_racing_ros2_ws/install/tello_gazebo/share/tello_gazebo/models/stop_sign/model.config
[24.884s] -- Installing: /home/vasista/drone_racing_ros2_ws/install/tello_gazebo/share/tello_gazebo/models/stop_sign/model.sdf
[24.884s] -- Installing: /home/vasista/drone_racing_ros2_ws/install/tello_gazebo/share/tello_gazebo/models/stop_sign/meshes
[24.884s] -- Installing: /home/vasista/drone_racing_ros2_ws/install/tello_gazebo/share/tello_gazebo/models/stop_sign/meshes/stop_sign.dae
[24.884s] -- Installing: /home/vasista/drone_racing_ros2_ws/install/tello_gazebo/share/tello_gazebo/models/stop_sign/materials
[24.884s] -- Installing: /home/vasista/drone_racing_ros2_ws/install/tello_gazebo/share/tello_gazebo/models/stop_sign/materials/scripts
[24.884s] -- Installing: /home/vasista/drone_racing_ros2_ws/install/tello_gazebo/share/tello_gazebo/models/stop_sign/materials/scripts/stopsign.material
[24.884s] -- Installing: /home/vasista/drone_racing_ros2_ws/install/tello_gazebo/share/tello_gazebo/models/stop_sign/materials/textures
[24.885s] -- Installing: /home/vasista/drone_racing_ros2_ws/install/tello_gazebo/share/tello_gazebo/models/stop_sign/materials/textures/StopSign_Spec.png
[24.885s] -- Installing: /home/vasista/drone_racing_ros2_ws/install/tello_gazebo/share/tello_gazebo/models/stop_sign/materials/textures/StopSign_Diffuse.png
[24.885s] -- Installing: /home/vasista/drone_racing_ros2_ws/install/tello_gazebo/share/tello_gazebo/worlds
[24.885s] -- Installing: /home/vasista/drone_racing_ros2_ws/install/tello_gazebo/share/tello_gazebo/worlds/demo_track.world
[24.885s] -- Installing: /home/vasista/drone_racing_ros2_ws/install/tello_gazebo/share/tello_gazebo/worlds/simple.world
[24.885s] -- Installing: /home/vasista/drone_racing_ros2_ws/install/tello_gazebo/share/tello_gazebo/launch
[24.885s] -- Installing: /home/vasista/drone_racing_ros2_ws/install/tello_gazebo/share/tello_gazebo/launch/__pycache__
[24.885s] -- Installing: /home/vasista/drone_racing_ros2_ws/install/tello_gazebo/share/tello_gazebo/launch/__pycache__/vlam_launch.cpython-38.pyc
[24.885s] -- Installing: /home/vasista/drone_racing_ros2_ws/install/tello_gazebo/share/tello_gazebo/launch/demo_track_launch.py
[24.885s] -- Installing: /home/vasista/drone_racing_ros2_ws/install/tello_gazebo/share/tello_gazebo/launch/simple_launch.py
[24.885s] -- Installing: /home/vasista/drone_racing_ros2_ws/install/tello_gazebo/lib/tello_gazebo/inject_entity.py
[24.885s] -- Installing: /home/vasista/drone_racing_ros2_ws/install/tello_gazebo/share/ament_index/resource_index/package_run_dependencies/tello_gazebo
[24.885s] -- Installing: /home/vasista/drone_racing_ros2_ws/install/tello_gazebo/share/ament_index/resource_index/parent_prefix_path/tello_gazebo
[24.885s] -- Installing: /home/vasista/drone_racing_ros2_ws/install/tello_gazebo/share/tello_gazebo/environment/ament_prefix_path.sh
[24.885s] -- Installing: /home/vasista/drone_racing_ros2_ws/install/tello_gazebo/share/tello_gazebo/environment/ament_prefix_path.dsv
[24.885s] -- Installing: /home/vasista/drone_racing_ros2_ws/install/tello_gazebo/share/tello_gazebo/environment/path.sh
[24.885s] -- Installing: /home/vasista/drone_racing_ros2_ws/install/tello_gazebo/share/tello_gazebo/environment/path.dsv
[24.885s] -- Installing: /home/vasista/drone_racing_ros2_ws/install/tello_gazebo/share/tello_gazebo/local_setup.bash
[24.885s] -- Installing: /home/vasista/drone_racing_ros2_ws/install/tello_gazebo/share/tello_gazebo/local_setup.sh
[24.886s] -- Installing: /home/vasista/drone_racing_ros2_ws/install/tello_gazebo/share/tello_gazebo/local_setup.zsh
[24.886s] -- Installing: /home/vasista/drone_racing_ros2_ws/install/tello_gazebo/share/tello_gazebo/local_setup.dsv
[24.886s] -- Installing: /home/vasista/drone_racing_ros2_ws/install/tello_gazebo/share/tello_gazebo/package.dsv
[24.886s] -- Installing: /home/vasista/drone_racing_ros2_ws/install/tello_gazebo/share/ament_index/resource_index/packages/tello_gazebo
[24.886s] -- Installing: /home/vasista/drone_racing_ros2_ws/install/tello_gazebo/share/tello_gazebo/cmake/tello_gazeboConfig.cmake
[24.886s] -- Installing: /home/vasista/drone_racing_ros2_ws/install/tello_gazebo/share/tello_gazebo/cmake/tello_gazeboConfig-version.cmake
[24.886s] -- Installing: /home/vasista/drone_racing_ros2_ws/install/tello_gazebo/share/tello_gazebo/package.xml
[24.888s] Invoked command in '/home/vasista/drone_racing_ros2_ws/build/tello_gazebo' returned '0': AMENT_PREFIX_PATH=/home/vasista/drone_racing_ros2_ws/install/tello_msgs:${AMENT_PREFIX_PATH} CMAKE_PREFIX_PATH=/home/vasista/drone_racing_ros2_ws/install/tello_msgs:/opt/ros/galactic LD_LIBRARY_PATH=/home/vasista/drone_racing_ros2_ws/install/tello_msgs/lib:/usr/lib/x86_64-linux-gnu/gazebo-11/plugins:/opt/ros/galactic/opt/yaml_cpp_vendor/lib:/opt/ros/galactic/opt/rviz_ogre_vendor/lib:/opt/ros/galactic/lib/x86_64-linux-gnu:/opt/ros/galactic/lib:/usr/lib/x86_64-linux-gnu/gazebo-11/plugins PYTHONPATH=/home/vasista/drone_racing_ros2_ws/install/tello_msgs/lib/python3.8/site-packages:${PYTHONPATH} /usr/bin/cmake --install /home/vasista/drone_racing_ros2_ws/build/tello_gazebo
