[0.010s] Invoking command in '/home/vasista/drone_racing_ros2_ws/build/tello_driver': AMENT_PREFIX_PATH=/home/vasista/drone_racing_ros2_ws/install/tello_msgs:/home/vasista/drone_racing_ros2_ws/install/ros2_shared:${AMENT_PREFIX_PATH} CMAKE_PREFIX_PATH=/home/vasista/drone_racing_ros2_ws/install/tello_msgs:/home/vasista/drone_racing_ros2_ws/install/ros2_shared:/opt/ros/galactic LD_LIBRARY_PATH=/home/vasista/drone_racing_ros2_ws/install/tello_msgs/lib:/usr/lib/x86_64-linux-gnu/gazebo-11/plugins:/opt/ros/galactic/opt/yaml_cpp_vendor/lib:/opt/ros/galactic/opt/rviz_ogre_vendor/lib:/opt/ros/galactic/lib/x86_64-linux-gnu:/opt/ros/galactic/lib:/usr/lib/x86_64-linux-gnu/gazebo-11/plugins PYTHONPATH=/home/vasista/drone_racing_ros2_ws/install/tello_msgs/lib/python3.8/site-packages:${PYTHONPATH} /usr/bin/cmake /home/vasista/drone_racing_ros2_ws/tello_ros/tello_driver -DCMAKE_INSTALL_PREFIX=/home/vasista/drone_racing_ros2_ws/install/tello_driver
[0.047s] -- The C compiler identification is GNU 9.4.0
[0.083s] -- The CXX compiler identification is GNU 9.4.0
[0.087s] -- Check for working C compiler: /usr/bin/cc
[0.136s] -- Check for working C compiler: /usr/bin/cc -- works
[0.136s] -- Detecting C compiler ABI info
[0.182s] -- Detecting C compiler ABI info - done
[0.189s] -- Detecting C compile features
[0.189s] -- Detecting C compile features - done
[0.191s] -- Check for working CXX compiler: /usr/bin/c++
[0.244s] -- Check for working CXX compiler: /usr/bin/c++ -- works
[0.244s] -- Detecting CXX compiler ABI info
[0.297s] -- Detecting CXX compiler ABI info - done
[0.305s] -- Detecting CXX compile features
[0.305s] -- Detecting CXX compile features - done
[0.307s] -- Found ament_cmake: 1.1.6 (/opt/ros/galactic/share/ament_cmake/cmake)
[0.323s] -- Found PythonInterp: /usr/bin/python3 (found suitable version "3.8.10", minimum required is "3") 
[0.323s] -- Using PYTHON_EXECUTABLE: /usr/bin/python3
[0.379s] -- Found camera_calibration_parsers: 2.5.1 (/opt/ros/galactic/share/camera_calibration_parsers/cmake)
[0.442s] -- Using all available rosidl_typesupport_c: rosidl_typesupport_fastrtps_c;rosidl_typesupport_introspection_c
[0.448s] -- Found rosidl_adapter: 2.2.3 (/opt/ros/galactic/share/rosidl_adapter/cmake)
[0.501s] -- Found OpenSSL: /usr/lib/x86_64-linux-gnu/libcrypto.so (found version "1.1.1f")  
[0.524s] -- Found FastRTPS: /opt/ros/galactic/include  
[0.579s] -- Using all available rosidl_typesupport_cpp: rosidl_typesupport_fastrtps_cpp;rosidl_typesupport_introspection_cpp
[0.637s] -- Found rmw_implementation_cmake: 3.3.1 (/opt/ros/galactic/share/rmw_implementation_cmake/cmake)
[0.642s] -- Found rmw_cyclonedds_cpp: 0.22.6 (/opt/ros/galactic/share/rmw_cyclonedds_cpp/cmake)
[0.665s] -- Using RMW implementation 'rmw_cyclonedds_cpp' as default
[0.665s] -- Looking for pthread.h
[0.715s] -- Looking for pthread.h - found
[0.715s] -- Performing Test CMAKE_HAVE_LIBC_PTHREAD
[0.762s] -- Performing Test CMAKE_HAVE_LIBC_PTHREAD - Failed
[0.762s] -- Looking for pthread_create in pthreads
[0.802s] -- Looking for pthread_create in pthreads - not found
[0.802s] -- Looking for pthread_create in pthread
[0.849s] -- Looking for pthread_create in pthread - found
[0.850s] -- Found Threads: TRUE  
[1.143s] -- Setting yaml-cpp_DIR to: '/opt/ros/galactic/share/yaml_cpp_vendor/cmake/../../../opt/yaml_cpp_vendor/lib/cmake/yaml-cpp'
[1.149s] -- Found class_loader: 2.1.2 (/opt/ros/galactic/share/class_loader/cmake)
[1.158s] -- Found cv_bridge: 3.1.3 (/opt/ros/galactic/share/cv_bridge/cmake)
[1.185s] -- Found OpenCV: /usr (found version "4.2.0") 
[1.186s] -- Found rclcpp_components: 9.2.2 (/opt/ros/galactic/share/rclcpp_components/cmake)
[1.232s] -- Found ros2_shared: 0.1.0 (/home/vasista/drone_racing_ros2_ws/install/ros2_shared/share/ros2_shared/cmake)
[1.233s] -- Found tello_msgs: 0.1.0 (/home/vasista/drone_racing_ros2_ws/install/tello_msgs/share/tello_msgs/cmake)
[1.393s] -- Configuring done
[1.440s] -- Generating done
[1.461s] -- Build files have been written to: /home/vasista/drone_racing_ros2_ws/build/tello_driver
[1.469s] Invoked command in '/home/vasista/drone_racing_ros2_ws/build/tello_driver' returned '0': AMENT_PREFIX_PATH=/home/vasista/drone_racing_ros2_ws/install/tello_msgs:/home/vasista/drone_racing_ros2_ws/install/ros2_shared:${AMENT_PREFIX_PATH} CMAKE_PREFIX_PATH=/home/vasista/drone_racing_ros2_ws/install/tello_msgs:/home/vasista/drone_racing_ros2_ws/install/ros2_shared:/opt/ros/galactic LD_LIBRARY_PATH=/home/vasista/drone_racing_ros2_ws/install/tello_msgs/lib:/usr/lib/x86_64-linux-gnu/gazebo-11/plugins:/opt/ros/galactic/opt/yaml_cpp_vendor/lib:/opt/ros/galactic/opt/rviz_ogre_vendor/lib:/opt/ros/galactic/lib/x86_64-linux-gnu:/opt/ros/galactic/lib:/usr/lib/x86_64-linux-gnu/gazebo-11/plugins PYTHONPATH=/home/vasista/drone_racing_ros2_ws/install/tello_msgs/lib/python3.8/site-packages:${PYTHONPATH} /usr/bin/cmake /home/vasista/drone_racing_ros2_ws/tello_ros/tello_driver -DCMAKE_INSTALL_PREFIX=/home/vasista/drone_racing_ros2_ws/install/tello_driver
[1.471s] Invoking command in '/home/vasista/drone_racing_ros2_ws/build/tello_driver': AMENT_PREFIX_PATH=/home/vasista/drone_racing_ros2_ws/install/tello_msgs:/home/vasista/drone_racing_ros2_ws/install/ros2_shared:${AMENT_PREFIX_PATH} CMAKE_PREFIX_PATH=/home/vasista/drone_racing_ros2_ws/install/tello_msgs:/home/vasista/drone_racing_ros2_ws/install/ros2_shared:/opt/ros/galactic LD_LIBRARY_PATH=/home/vasista/drone_racing_ros2_ws/install/tello_msgs/lib:/usr/lib/x86_64-linux-gnu/gazebo-11/plugins:/opt/ros/galactic/opt/yaml_cpp_vendor/lib:/opt/ros/galactic/opt/rviz_ogre_vendor/lib:/opt/ros/galactic/lib/x86_64-linux-gnu:/opt/ros/galactic/lib:/usr/lib/x86_64-linux-gnu/gazebo-11/plugins PYTHONPATH=/home/vasista/drone_racing_ros2_ws/install/tello_msgs/lib/python3.8/site-packages:${PYTHONPATH} /usr/bin/cmake --build /home/vasista/drone_racing_ros2_ws/build/tello_driver -- -j8 -l8
[1.498s] [35m[1mScanning dependencies of target tello_joy_node[0m
[1.498s] [35m[1mScanning dependencies of target tello_emulator[0m
[1.499s] [35m[1mScanning dependencies of target tello_driver_node[0m
[1.499s] [35m[1mScanning dependencies of target tello_driver_main[0m
[1.499s] [35m[1mScanning dependencies of target tello_joy_main[0m
[1.506s] [  4%] [32mBuilding CXX object CMakeFiles/tello_emulator.dir/src/tello_emulator.cpp.o[0m
[1.716s] [  9%] [32mBuilding CXX object CMakeFiles/tello_joy_node.dir/src/tello_joy_node.cpp.o[0m
[1.717s] [ 13%] [32mBuilding CXX object CMakeFiles/tello_joy_main.dir/src/tello_joy_node.cpp.o[0m
[1.717s] [ 18%] [32mBuilding CXX object CMakeFiles/tello_joy_main.dir/src/tello_joy_main.cpp.o[0m
[1.860s] [ 22%] [32mBuilding CXX object CMakeFiles/tello_driver_node.dir/src/tello_socket.cpp.o[0m
[1.861s] [ 27%] [32mBuilding CXX object CMakeFiles/tello_driver_node.dir/src/tello_driver_node.cpp.o[0m
[1.862s] [ 31%] [32mBuilding CXX object CMakeFiles/tello_driver_node.dir/src/command_socket.cpp.o[0m
[1.890s] [ 36%] [32mBuilding CXX object CMakeFiles/tello_driver_main.dir/src/tello_driver_main.cpp.o[0m
[3.900s] [ 40%] [32m[1mLinking CXX executable tello_emulator[0m
[4.018s] [ 40%] Built target tello_emulator
[4.028s] [ 45%] [32mBuilding CXX object CMakeFiles/tello_driver_main.dir/src/tello_driver_node.cpp.o[0m
[5.418s] [ 50%] [32mBuilding CXX object CMakeFiles/tello_driver_main.dir/src/tello_socket.cpp.o[0m
[6.963s] [ 54%] [32mBuilding CXX object CMakeFiles/tello_driver_main.dir/src/command_socket.cpp.o[0m
[6.973s] [ 59%] [32mBuilding CXX object CMakeFiles/tello_driver_main.dir/src/state_socket.cpp.o[0m
[7.124s] [ 63%] [32mBuilding CXX object CMakeFiles/tello_driver_main.dir/src/video_socket.cpp.o[0m
[10.311s] [ 68%] [32mBuilding CXX object CMakeFiles/tello_driver_main.dir/h264decoder/h264decoder.cpp.o[0m
[11.031s] [ 72%] [32mBuilding CXX object CMakeFiles/tello_driver_node.dir/src/state_socket.cpp.o[0m
[12.854s] [ 77%] [32mBuilding CXX object CMakeFiles/tello_driver_node.dir/src/video_socket.cpp.o[0m
[13.079s] [ 81%] [32mBuilding CXX object CMakeFiles/tello_driver_node.dir/h264decoder/h264decoder.cpp.o[0m
[13.833s] [ 86%] [32m[1mLinking CXX executable tello_joy_main[0m
[14.647s] [ 86%] Built target tello_joy_main
[15.038s] [ 90%] [32m[1mLinking CXX shared library libtello_joy_node.so[0m
[15.621s] [ 90%] Built target tello_joy_node
[18.397s] [ 95%] [32m[1mLinking CXX shared library libtello_driver_node.so[0m
[18.649s] [100%] [32m[1mLinking CXX executable tello_driver_main[0m
[19.601s] [100%] Built target tello_driver_node
[19.849s] [100%] Built target tello_driver_main
[19.863s] Invoked command in '/home/vasista/drone_racing_ros2_ws/build/tello_driver' returned '0': AMENT_PREFIX_PATH=/home/vasista/drone_racing_ros2_ws/install/tello_msgs:/home/vasista/drone_racing_ros2_ws/install/ros2_shared:${AMENT_PREFIX_PATH} CMAKE_PREFIX_PATH=/home/vasista/drone_racing_ros2_ws/install/tello_msgs:/home/vasista/drone_racing_ros2_ws/install/ros2_shared:/opt/ros/galactic LD_LIBRARY_PATH=/home/vasista/drone_racing_ros2_ws/install/tello_msgs/lib:/usr/lib/x86_64-linux-gnu/gazebo-11/plugins:/opt/ros/galactic/opt/yaml_cpp_vendor/lib:/opt/ros/galactic/opt/rviz_ogre_vendor/lib:/opt/ros/galactic/lib/x86_64-linux-gnu:/opt/ros/galactic/lib:/usr/lib/x86_64-linux-gnu/gazebo-11/plugins PYTHONPATH=/home/vasista/drone_racing_ros2_ws/install/tello_msgs/lib/python3.8/site-packages:${PYTHONPATH} /usr/bin/cmake --build /home/vasista/drone_racing_ros2_ws/build/tello_driver -- -j8 -l8
[19.865s] Invoking command in '/home/vasista/drone_racing_ros2_ws/build/tello_driver': AMENT_PREFIX_PATH=/home/vasista/drone_racing_ros2_ws/install/tello_msgs:/home/vasista/drone_racing_ros2_ws/install/ros2_shared:${AMENT_PREFIX_PATH} CMAKE_PREFIX_PATH=/home/vasista/drone_racing_ros2_ws/install/tello_msgs:/home/vasista/drone_racing_ros2_ws/install/ros2_shared:/opt/ros/galactic LD_LIBRARY_PATH=/home/vasista/drone_racing_ros2_ws/install/tello_msgs/lib:/usr/lib/x86_64-linux-gnu/gazebo-11/plugins:/opt/ros/galactic/opt/yaml_cpp_vendor/lib:/opt/ros/galactic/opt/rviz_ogre_vendor/lib:/opt/ros/galactic/lib/x86_64-linux-gnu:/opt/ros/galactic/lib:/usr/lib/x86_64-linux-gnu/gazebo-11/plugins PYTHONPATH=/home/vasista/drone_racing_ros2_ws/install/tello_msgs/lib/python3.8/site-packages:${PYTHONPATH} /usr/bin/cmake --install /home/vasista/drone_racing_ros2_ws/build/tello_driver
[19.872s] -- Install configuration: ""
[19.872s] -- Installing: /home/vasista/drone_racing_ros2_ws/install/tello_driver/share/tello_driver/environment/library_path.sh
[19.872s] -- Installing: /home/vasista/drone_racing_ros2_ws/install/tello_driver/share/tello_driver/environment/library_path.dsv
[19.872s] -- Installing: /home/vasista/drone_racing_ros2_ws/install/tello_driver/lib/libtello_driver_node.so
[19.877s] -- Set runtime path of "/home/vasista/drone_racing_ros2_ws/install/tello_driver/lib/libtello_driver_node.so" to ""
[19.877s] -- Installing: /home/vasista/drone_racing_ros2_ws/install/tello_driver/lib/libtello_joy_node.so
[19.881s] -- Set runtime path of "/home/vasista/drone_racing_ros2_ws/install/tello_driver/lib/libtello_joy_node.so" to ""
[19.881s] -- Installing: /home/vasista/drone_racing_ros2_ws/install/tello_driver/lib/tello_driver/tello_driver_main
[19.884s] -- Set runtime path of "/home/vasista/drone_racing_ros2_ws/install/tello_driver/lib/tello_driver/tello_driver_main" to ""
[19.884s] -- Installing: /home/vasista/drone_racing_ros2_ws/install/tello_driver/lib/tello_driver/tello_joy_main
[19.886s] -- Set runtime path of "/home/vasista/drone_racing_ros2_ws/install/tello_driver/lib/tello_driver/tello_joy_main" to ""
[19.886s] -- Installing: /home/vasista/drone_racing_ros2_ws/install/tello_driver/lib/tello_driver/tello_emulator
[19.887s] -- Installing: /home/vasista/drone_racing_ros2_ws/install/tello_driver/share/tello_driver/cfg
[19.887s] -- Installing: /home/vasista/drone_racing_ros2_ws/install/tello_driver/share/tello_driver/cfg/camera_info.yaml
[19.887s] -- Installing: /home/vasista/drone_racing_ros2_ws/install/tello_driver/share/tello_driver/launch
[19.887s] -- Installing: /home/vasista/drone_racing_ros2_ws/install/tello_driver/share/tello_driver/launch/emulator_launch.py
[19.887s] -- Installing: /home/vasista/drone_racing_ros2_ws/install/tello_driver/share/tello_driver/launch/emulators_launch.py
[19.887s] -- Installing: /home/vasista/drone_racing_ros2_ws/install/tello_driver/share/tello_driver/launch/teleop_launch.py
[19.887s] -- Installing: /home/vasista/drone_racing_ros2_ws/install/tello_driver/share/ament_index/resource_index/package_run_dependencies/tello_driver
[19.887s] -- Installing: /home/vasista/drone_racing_ros2_ws/install/tello_driver/share/ament_index/resource_index/parent_prefix_path/tello_driver
[19.887s] -- Installing: /home/vasista/drone_racing_ros2_ws/install/tello_driver/share/tello_driver/environment/ament_prefix_path.sh
[19.887s] -- Installing: /home/vasista/drone_racing_ros2_ws/install/tello_driver/share/tello_driver/environment/ament_prefix_path.dsv
[19.887s] -- Installing: /home/vasista/drone_racing_ros2_ws/install/tello_driver/share/tello_driver/environment/path.sh
[19.887s] -- Installing: /home/vasista/drone_racing_ros2_ws/install/tello_driver/share/tello_driver/environment/path.dsv
[19.888s] -- Installing: /home/vasista/drone_racing_ros2_ws/install/tello_driver/share/tello_driver/local_setup.bash
[19.888s] -- Installing: /home/vasista/drone_racing_ros2_ws/install/tello_driver/share/tello_driver/local_setup.sh
[19.888s] -- Installing: /home/vasista/drone_racing_ros2_ws/install/tello_driver/share/tello_driver/local_setup.zsh
[19.888s] -- Installing: /home/vasista/drone_racing_ros2_ws/install/tello_driver/share/tello_driver/local_setup.dsv
[19.888s] -- Installing: /home/vasista/drone_racing_ros2_ws/install/tello_driver/share/tello_driver/package.dsv
[19.888s] -- Installing: /home/vasista/drone_racing_ros2_ws/install/tello_driver/share/ament_index/resource_index/packages/tello_driver
[19.888s] -- Installing: /home/vasista/drone_racing_ros2_ws/install/tello_driver/share/ament_index/resource_index/rclcpp_components/tello_driver
[19.888s] -- Installing: /home/vasista/drone_racing_ros2_ws/install/tello_driver/share/tello_driver/cmake/tello_driverConfig.cmake
[19.888s] -- Installing: /home/vasista/drone_racing_ros2_ws/install/tello_driver/share/tello_driver/cmake/tello_driverConfig-version.cmake
[19.888s] -- Installing: /home/vasista/drone_racing_ros2_ws/install/tello_driver/share/tello_driver/package.xml
[19.890s] Invoked command in '/home/vasista/drone_racing_ros2_ws/build/tello_driver' returned '0': AMENT_PREFIX_PATH=/home/vasista/drone_racing_ros2_ws/install/tello_msgs:/home/vasista/drone_racing_ros2_ws/install/ros2_shared:${AMENT_PREFIX_PATH} CMAKE_PREFIX_PATH=/home/vasista/drone_racing_ros2_ws/install/tello_msgs:/home/vasista/drone_racing_ros2_ws/install/ros2_shared:/opt/ros/galactic LD_LIBRARY_PATH=/home/vasista/drone_racing_ros2_ws/install/tello_msgs/lib:/usr/lib/x86_64-linux-gnu/gazebo-11/plugins:/opt/ros/galactic/opt/yaml_cpp_vendor/lib:/opt/ros/galactic/opt/rviz_ogre_vendor/lib:/opt/ros/galactic/lib/x86_64-linux-gnu:/opt/ros/galactic/lib:/usr/lib/x86_64-linux-gnu/gazebo-11/plugins PYTHONPATH=/home/vasista/drone_racing_ros2_ws/install/tello_msgs/lib/python3.8/site-packages:${PYTHONPATH} /usr/bin/cmake --install /home/vasista/drone_racing_ros2_ws/build/tello_driver
