[0.014s] Invoking command in '/home/vasista/drone_racing_ros2_ws/build/ros2_shared': CMAKE_PREFIX_PATH=/opt/ros/galactic /usr/bin/cmake /home/vasista/drone_racing_ros2_ws/ros2_shared -DCMAKE_INSTALL_PREFIX=/home/vasista/drone_racing_ros2_ws/install/ros2_shared
[0.812s] -- The C compiler identification is GNU 9.4.0
[1.470s] -- The CXX compiler identification is GNU 9.4.0
[1.481s] -- Check for working C compiler: /usr/bin/cc
[1.528s] -- Check for working C compiler: /usr/bin/cc -- works
[1.531s] -- Detecting C compiler ABI info
[1.579s] -- Detecting C compiler ABI info - done
[1.590s] -- Detecting C compile features
[1.591s] -- Detecting C compile features - done
[1.595s] -- Check for working CXX compiler: /usr/bin/c++
[1.651s] -- Check for working CXX compiler: /usr/bin/c++ -- works
[1.651s] -- Detecting CXX compiler ABI info
[1.709s] -- Detecting CXX compiler ABI info - done
[1.717s] -- Detecting CXX compile features
[1.718s] -- Detecting CXX compile features - done
[1.723s] -- Found ament_cmake: 1.1.6 (/opt/ros/galactic/share/ament_cmake/cmake)
[1.748s] -- Found PythonInterp: /usr/bin/python3 (found suitable version "3.8.10", minimum required is "3") 
[1.748s] -- Using PYTHON_EXECUTABLE: /usr/bin/python3
[1.879s] -- Configuring done
[1.880s] -- Generating done
[1.881s] -- Build files have been written to: /home/vasista/drone_racing_ros2_ws/build/ros2_shared
[1.883s] Invoked command in '/home/vasista/drone_racing_ros2_ws/build/ros2_shared' returned '0': CMAKE_PREFIX_PATH=/opt/ros/galactic /usr/bin/cmake /home/vasista/drone_racing_ros2_ws/ros2_shared -DCMAKE_INSTALL_PREFIX=/home/vasista/drone_racing_ros2_ws/install/ros2_shared
[1.886s] Invoking command in '/home/vasista/drone_racing_ros2_ws/build/ros2_shared': CMAKE_PREFIX_PATH=/opt/ros/galactic /usr/bin/cmake --build /home/vasista/drone_racing_ros2_ws/build/ros2_shared -- -j8 -l8
[1.918s] Invoked command in '/home/vasista/drone_racing_ros2_ws/build/ros2_shared' returned '0': CMAKE_PREFIX_PATH=/opt/ros/galactic /usr/bin/cmake --build /home/vasista/drone_racing_ros2_ws/build/ros2_shared -- -j8 -l8
[1.936s] Invoking command in '/home/vasista/drone_racing_ros2_ws/build/ros2_shared': CMAKE_PREFIX_PATH=/opt/ros/galactic /usr/bin/cmake --install /home/vasista/drone_racing_ros2_ws/build/ros2_shared
[1.943s] -- Install configuration: ""
[1.943s] -- Installing: /home/vasista/drone_racing_ros2_ws/install/ros2_shared/include
[1.943s] -- Installing: /home/vasista/drone_racing_ros2_ws/install/ros2_shared/include/ros2_shared
[1.943s] -- Installing: /home/vasista/drone_racing_ros2_ws/install/ros2_shared/include/ros2_shared/string_printf.hpp
[1.946s] -- Installing: /home/vasista/drone_racing_ros2_ws/install/ros2_shared/include/ros2_shared/param_macros.hpp
[1.946s] -- Installing: /home/vasista/drone_racing_ros2_ws/install/ros2_shared/include/ros2_shared/context_macros.hpp
[1.947s] -- Installing: /home/vasista/drone_racing_ros2_ws/install/ros2_shared/share/ament_index/resource_index/package_run_dependencies/ros2_shared
[1.947s] -- Installing: /home/vasista/drone_racing_ros2_ws/install/ros2_shared/share/ament_index/resource_index/parent_prefix_path/ros2_shared
[1.951s] -- Installing: /home/vasista/drone_racing_ros2_ws/install/ros2_shared/share/ros2_shared/environment/ament_prefix_path.sh
[1.951s] -- Installing: /home/vasista/drone_racing_ros2_ws/install/ros2_shared/share/ros2_shared/environment/ament_prefix_path.dsv
[1.951s] -- Installing: /home/vasista/drone_racing_ros2_ws/install/ros2_shared/share/ros2_shared/environment/path.sh
[1.951s] -- Installing: /home/vasista/drone_racing_ros2_ws/install/ros2_shared/share/ros2_shared/environment/path.dsv
[1.951s] -- Installing: /home/vasista/drone_racing_ros2_ws/install/ros2_shared/share/ros2_shared/local_setup.bash
[1.951s] -- Installing: /home/vasista/drone_racing_ros2_ws/install/ros2_shared/share/ros2_shared/local_setup.sh
[1.951s] -- Installing: /home/vasista/drone_racing_ros2_ws/install/ros2_shared/share/ros2_shared/local_setup.zsh
[1.952s] -- Installing: /home/vasista/drone_racing_ros2_ws/install/ros2_shared/share/ros2_shared/local_setup.dsv
[1.952s] -- Installing: /home/vasista/drone_racing_ros2_ws/install/ros2_shared/share/ros2_shared/package.dsv
[1.952s] -- Installing: /home/vasista/drone_racing_ros2_ws/install/ros2_shared/share/ament_index/resource_index/packages/ros2_shared
[1.952s] -- Installing: /home/vasista/drone_racing_ros2_ws/install/ros2_shared/share/ros2_shared/cmake/ament_cmake_export_include_directories-extras.cmake
[1.952s] -- Installing: /home/vasista/drone_racing_ros2_ws/install/ros2_shared/share/ros2_shared/cmake/ros2_sharedConfig.cmake
[1.952s] -- Installing: /home/vasista/drone_racing_ros2_ws/install/ros2_shared/share/ros2_shared/cmake/ros2_sharedConfig-version.cmake
[1.952s] -- Installing: /home/vasista/drone_racing_ros2_ws/install/ros2_shared/share/ros2_shared/package.xml
[1.958s] Invoked command in '/home/vasista/drone_racing_ros2_ws/build/ros2_shared' returned '0': CMAKE_PREFIX_PATH=/opt/ros/galactic /usr/bin/cmake --install /home/vasista/drone_racing_ros2_ws/build/ros2_shared
