[0.016s] Invoking command in '/home/vasista/drone_racing_ros2_ws/build/tello_msgs': CMAKE_PREFIX_PATH=/opt/ros/galactic /usr/bin/cmake /home/vasista/drone_racing_ros2_ws/tello_ros/tello_msgs -DCMAKE_INSTALL_PREFIX=/home/vasista/drone_racing_ros2_ws/install/tello_msgs
[0.816s] -- The C compiler identification is GNU 9.4.0
[1.475s] -- The CXX compiler identification is GNU 9.4.0
[1.485s] -- Check for working C compiler: /usr/bin/cc
[1.533s] -- Check for working C compiler: /usr/bin/cc -- works
[1.535s] -- Detecting C compiler ABI info
[1.584s] -- Detecting C compiler ABI info - done
[1.598s] -- Detecting C compile features
[1.598s] -- Detecting C compile features - done
[1.601s] -- Check for working CXX compiler: /usr/bin/c++
[1.656s] -- Check for working CXX compiler: /usr/bin/c++ -- works
[1.657s] -- Detecting CXX compiler ABI info
[1.713s] -- Detecting CXX compiler ABI info - done
[1.725s] -- Detecting CXX compile features
[1.726s] -- Detecting CXX compile features - done
[1.728s] -- Found ament_cmake: 1.1.6 (/opt/ros/galactic/share/ament_cmake/cmake)
[1.753s] -- Found PythonInterp: /usr/bin/python3 (found suitable version "3.8.10", minimum required is "3") 
[1.753s] -- Using PYTHON_EXECUTABLE: /usr/bin/python3
[1.840s] -- Found rosidl_default_generators: 1.1.1 (/opt/ros/galactic/share/rosidl_default_generators/cmake)
[1.845s] -- Using all available rosidl_typesupport_c: rosidl_typesupport_fastrtps_c;rosidl_typesupport_introspection_c
[1.853s] -- Found rosidl_adapter: 2.2.3 (/opt/ros/galactic/share/rosidl_adapter/cmake)
[2.011s] -- Found OpenSSL: /usr/lib/x86_64-linux-gnu/libcrypto.so (found version "1.1.1f")  
[2.033s] -- Found FastRTPS: /opt/ros/galactic/include  
[2.112s] -- Using all available rosidl_typesupport_cpp: rosidl_typesupport_fastrtps_cpp;rosidl_typesupport_introspection_cpp
[2.142s] -- Found std_msgs: 2.2.4 (/opt/ros/galactic/share/std_msgs/cmake)
[2.193s] -- Found PythonInterp: /usr/bin/python3 (found version "3.8.10") 
[2.324s] -- Found ament_cmake_ros: 0.9.2 (/opt/ros/galactic/share/ament_cmake_ros/cmake)
[2.451s] -- Using all available rosidl_typesupport_c: rosidl_typesupport_fastrtps_c;rosidl_typesupport_introspection_c
[2.492s] -- Using all available rosidl_typesupport_cpp: rosidl_typesupport_fastrtps_cpp;rosidl_typesupport_introspection_cpp
[2.511s] -- Found PythonInterp: /usr/bin/python3 (found suitable version "3.8.10", minimum required is "3.5") 
[2.513s] -- Found python_cmake_module: 0.8.1 (/opt/ros/galactic/share/python_cmake_module/cmake)
[2.537s] -- Found PythonLibs: /usr/lib/x86_64-linux-gnu/libpython3.8.so (found suitable version "3.8.10", minimum required is "3.5") 
[2.537s] -- Using PYTHON_EXECUTABLE: /usr/bin/python3
[2.537s] -- Using PYTHON_INCLUDE_DIRS: /usr/include/python3.8
[2.537s] -- Using PYTHON_LIBRARIES: /usr/lib/x86_64-linux-gnu/libpython3.8.so
[2.551s] -- Found PythonExtra: .so  
[2.603s] -- Configuring done
[2.640s] -- Generating done
[2.650s] -- Build files have been written to: /home/vasista/drone_racing_ros2_ws/build/tello_msgs
[2.655s] Invoked command in '/home/vasista/drone_racing_ros2_ws/build/tello_msgs' returned '0': CMAKE_PREFIX_PATH=/opt/ros/galactic /usr/bin/cmake /home/vasista/drone_racing_ros2_ws/tello_ros/tello_msgs -DCMAKE_INSTALL_PREFIX=/home/vasista/drone_racing_ros2_ws/install/tello_msgs
[2.656s] Invoking command in '/home/vasista/drone_racing_ros2_ws/build/tello_msgs': CMAKE_PREFIX_PATH=/opt/ros/galactic /usr/bin/cmake --build /home/vasista/drone_racing_ros2_ws/build/tello_msgs -- -j8 -l8
[2.686s] [35m[1mScanning dependencies of target tello_msgs__cpp[0m
[2.686s] [  2%] [34m[1mGenerating C code for ROS interfaces[0m
[2.694s] [  4%] [34m[1mGenerating C++ code for ROS interfaces[0m
[3.117s] [  4%] Built target tello_msgs__cpp
[3.122s] [35m[1mScanning dependencies of target tello_msgs__rosidl_generator_c[0m
[3.125s] [  8%] [34m[1mGenerating C++ type support for eProsima Fast-RTPS[0m
[3.125s] [  8%] [34m[1mGenerating C++ type support dispatch for ROS interfaces[0m
[3.125s] [ 10%] [34m[1mGenerating C++ introspection for ROS interfaces[0m
[3.139s] [ 17%] [32mBuilding C object CMakeFiles/tello_msgs__rosidl_generator_c.dir/rosidl_generator_c/tello_msgs/msg/detail/flight_data__functions.c.o[0m
[3.139s] [ 17%] [32mBuilding C object CMakeFiles/tello_msgs__rosidl_generator_c.dir/rosidl_generator_c/tello_msgs/msg/detail/tello_response__functions.c.o[0m
[3.139s] [ 17%] [32mBuilding C object CMakeFiles/tello_msgs__rosidl_generator_c.dir/rosidl_generator_c/tello_msgs/srv/detail/tello_action__functions.c.o[0m
[3.219s] [ 19%] [32m[1mLinking C shared library libtello_msgs__rosidl_generator_c.so[0m
[3.249s] [ 19%] Built target tello_msgs__rosidl_generator_c
[3.260s] [ 21%] [34m[1mGenerating C introspection for ROS interfaces[0m
[3.260s] [ 23%] [34m[1mGenerating C type support dispatch for ROS interfaces[0m
[3.532s] [35m[1mScanning dependencies of target tello_msgs__rosidl_typesupport_cpp[0m
[3.550s] [ 25%] [32mBuilding CXX object CMakeFiles/tello_msgs__rosidl_typesupport_cpp.dir/rosidl_typesupport_cpp/tello_msgs/msg/flight_data__type_support.cpp.o[0m
[3.553s] [ 27%] [32mBuilding CXX object CMakeFiles/tello_msgs__rosidl_typesupport_cpp.dir/rosidl_typesupport_cpp/tello_msgs/msg/tello_response__type_support.cpp.o[0m
[3.558s] [ 29%] [32mBuilding CXX object CMakeFiles/tello_msgs__rosidl_typesupport_cpp.dir/rosidl_typesupport_cpp/tello_msgs/srv/tello_action__type_support.cpp.o[0m
[3.616s] [35m[1mScanning dependencies of target tello_msgs__rosidl_typesupport_fastrtps_cpp[0m
[3.675s] [ 31%] [32mBuilding CXX object CMakeFiles/tello_msgs__rosidl_typesupport_fastrtps_cpp.dir/rosidl_typesupport_fastrtps_cpp/tello_msgs/msg/detail/dds_fastrtps/flight_data__type_support.cpp.o[0m
[3.679s] [ 34%] [32mBuilding CXX object CMakeFiles/tello_msgs__rosidl_typesupport_fastrtps_cpp.dir/rosidl_typesupport_fastrtps_cpp/tello_msgs/msg/detail/dds_fastrtps/tello_response__type_support.cpp.o[0m
[3.680s] [35m[1mScanning dependencies of target tello_msgs__rosidl_typesupport_c[0m
[3.701s] [ 36%] [32mBuilding CXX object CMakeFiles/tello_msgs__rosidl_typesupport_c.dir/rosidl_typesupport_c/tello_msgs/msg/flight_data__type_support.cpp.o[0m
[3.731s] [ 38%] [32mBuilding CXX object CMakeFiles/tello_msgs__rosidl_typesupport_c.dir/rosidl_typesupport_c/tello_msgs/msg/tello_response__type_support.cpp.o[0m
[3.747s] [35m[1mScanning dependencies of target tello_msgs__rosidl_typesupport_introspection_cpp[0m
[3.775s] [ 40%] [32mBuilding CXX object CMakeFiles/tello_msgs__rosidl_typesupport_c.dir/rosidl_typesupport_c/tello_msgs/srv/tello_action__type_support.cpp.o[0m
[3.779s] [ 42%] [32mBuilding CXX object CMakeFiles/tello_msgs__rosidl_typesupport_introspection_cpp.dir/rosidl_typesupport_introspection_cpp/tello_msgs/msg/detail/flight_data__type_support.cpp.o[0m
[3.818s] [ 44%] [32m[1mLinking CXX shared library libtello_msgs__rosidl_typesupport_c.so[0m
[3.882s] [ 44%] Built target tello_msgs__rosidl_typesupport_c
[3.893s] [ 46%] [32mBuilding CXX object CMakeFiles/tello_msgs__rosidl_typesupport_introspection_cpp.dir/rosidl_typesupport_introspection_cpp/tello_msgs/msg/detail/tello_response__type_support.cpp.o[0m
[3.981s] [ 48%] [32mBuilding CXX object CMakeFiles/tello_msgs__rosidl_typesupport_introspection_cpp.dir/rosidl_typesupport_introspection_cpp/tello_msgs/srv/detail/tello_action__type_support.cpp.o[0m
[3.986s] [35m[1mScanning dependencies of target tello_msgs__rosidl_typesupport_introspection_c[0m
[3.998s] [ 51%] [32mBuilding CXX object CMakeFiles/tello_msgs__rosidl_typesupport_fastrtps_cpp.dir/rosidl_typesupport_fastrtps_cpp/tello_msgs/srv/detail/dds_fastrtps/tello_action__type_support.cpp.o[0m
[4.009s] [ 53%] [32mBuilding C object CMakeFiles/tello_msgs__rosidl_typesupport_introspection_c.dir/rosidl_typesupport_introspection_c/tello_msgs/msg/detail/flight_data__type_support.c.o[0m
[4.021s] [ 55%] [32m[1mLinking CXX shared library libtello_msgs__rosidl_typesupport_cpp.so[0m
[4.052s] [ 57%] [32mBuilding C object CMakeFiles/tello_msgs__rosidl_typesupport_introspection_c.dir/rosidl_typesupport_introspection_c/tello_msgs/msg/detail/tello_response__type_support.c.o[0m
[4.069s] [ 57%] Built target tello_msgs__rosidl_typesupport_cpp
[4.080s] [ 59%] [32mBuilding C object CMakeFiles/tello_msgs__rosidl_typesupport_introspection_c.dir/rosidl_typesupport_introspection_c/tello_msgs/srv/detail/tello_action__type_support.c.o[0m
[4.122s] [ 61%] [32m[1mLinking C shared library libtello_msgs__rosidl_typesupport_introspection_c.so[0m
[4.159s] [ 61%] Built target tello_msgs__rosidl_typesupport_introspection_c
[4.239s] [ 63%] [32m[1mLinking CXX shared library libtello_msgs__rosidl_typesupport_introspection_cpp.so[0m
[4.286s] [ 63%] Built target tello_msgs__rosidl_typesupport_introspection_cpp
[4.342s] [ 65%] [32m[1mLinking CXX shared library libtello_msgs__rosidl_typesupport_fastrtps_cpp.so[0m
[4.616s] [ 65%] Built target tello_msgs__rosidl_typesupport_fastrtps_cpp
[4.624s] [ 68%] [34m[1mGenerating C type support for eProsima Fast-RTPS[0m
[5.008s] [35m[1mScanning dependencies of target tello_msgs__rosidl_typesupport_fastrtps_c[0m
[5.023s] [ 72%] [32mBuilding CXX object CMakeFiles/tello_msgs__rosidl_typesupport_fastrtps_c.dir/rosidl_typesupport_fastrtps_c/tello_msgs/msg/detail/tello_response__type_support_c.cpp.o[0m
[5.023s] [ 72%] [32mBuilding CXX object CMakeFiles/tello_msgs__rosidl_typesupport_fastrtps_c.dir/rosidl_typesupport_fastrtps_c/tello_msgs/msg/detail/flight_data__type_support_c.cpp.o[0m
[5.025s] [ 74%] [32mBuilding CXX object CMakeFiles/tello_msgs__rosidl_typesupport_fastrtps_c.dir/rosidl_typesupport_fastrtps_c/tello_msgs/srv/detail/tello_action__type_support_c.cpp.o[0m
[5.273s] [ 76%] [32m[1mLinking CXX shared library libtello_msgs__rosidl_typesupport_fastrtps_c.so[0m
[5.336s] [ 76%] Built target tello_msgs__rosidl_typesupport_fastrtps_c
[5.343s] [35m[1mScanning dependencies of target tello_msgs[0m
[5.350s] [ 76%] Built target tello_msgs
[5.358s] [35m[1mScanning dependencies of target tello_msgs__py[0m
[5.366s] [ 78%] [34m[1mGenerating Python code for ROS interfaces[0m
[6.145s] [ 78%] Built target tello_msgs__py
[6.152s] [35m[1mScanning dependencies of target tello_msgs__python[0m
[6.216s] [ 82%] [32mBuilding C object CMakeFiles/tello_msgs__python.dir/rosidl_generator_py/tello_msgs/msg/_tello_response_s.c.o[0m
[6.216s] [ 82%] [32mBuilding C object CMakeFiles/tello_msgs__python.dir/rosidl_generator_py/tello_msgs/msg/_flight_data_s.c.o[0m
[6.218s] [ 85%] [32mBuilding C object CMakeFiles/tello_msgs__python.dir/rosidl_generator_py/tello_msgs/srv/_tello_action_s.c.o[0m
[6.329s] [ 87%] [32m[1mLinking C shared library rosidl_generator_py/tello_msgs/libtello_msgs__python.so[0m
[6.358s] [ 87%] Built target tello_msgs__python
[6.366s] [35m[1mScanning dependencies of target tello_msgs__rosidl_typesupport_introspection_c__pyext[0m
[6.366s] [35m[1mScanning dependencies of target tello_msgs__rosidl_typesupport_c__pyext[0m
[6.366s] [35m[1mScanning dependencies of target tello_msgs__rosidl_typesupport_fastrtps_c__pyext[0m
[6.378s] [ 89%] [32mBuilding C object CMakeFiles/tello_msgs__rosidl_typesupport_introspection_c__pyext.dir/rosidl_generator_py/tello_msgs/_tello_msgs_s.ep.rosidl_typesupport_introspection_c.c.o[0m
[6.379s] [ 91%] [32mBuilding C object CMakeFiles/tello_msgs__rosidl_typesupport_c__pyext.dir/rosidl_generator_py/tello_msgs/_tello_msgs_s.ep.rosidl_typesupport_c.c.o[0m
[6.381s] [ 93%] [32mBuilding C object CMakeFiles/tello_msgs__rosidl_typesupport_fastrtps_c__pyext.dir/rosidl_generator_py/tello_msgs/_tello_msgs_s.ep.rosidl_typesupport_fastrtps_c.c.o[0m
[6.441s] [ 97%] [32m[1mLinking C shared library rosidl_generator_py/tello_msgs/tello_msgs_s__rosidl_typesupport_c.cpython-38-x86_64-linux-gnu.so[0m
[6.441s] [ 97%] [32m[1mLinking C shared library rosidl_generator_py/tello_msgs/tello_msgs_s__rosidl_typesupport_introspection_c.cpython-38-x86_64-linux-gnu.so[0m
[6.444s] [100%] [32m[1mLinking CXX shared library rosidl_generator_py/tello_msgs/tello_msgs_s__rosidl_typesupport_fastrtps_c.cpython-38-x86_64-linux-gnu.so[0m
[6.467s] [100%] Built target tello_msgs__rosidl_typesupport_introspection_c__pyext
[6.467s] [100%] Built target tello_msgs__rosidl_typesupport_c__pyext
[6.490s] [100%] Built target tello_msgs__rosidl_typesupport_fastrtps_c__pyext
[6.498s] Invoked command in '/home/vasista/drone_racing_ros2_ws/build/tello_msgs' returned '0': CMAKE_PREFIX_PATH=/opt/ros/galactic /usr/bin/cmake --build /home/vasista/drone_racing_ros2_ws/build/tello_msgs -- -j8 -l8
[6.499s] Invoking command in '/home/vasista/drone_racing_ros2_ws/build/tello_msgs': CMAKE_PREFIX_PATH=/opt/ros/galactic /usr/bin/cmake --install /home/vasista/drone_racing_ros2_ws/build/tello_msgs
[6.507s] -- Install configuration: ""
[6.507s] -- Installing: /home/vasista/drone_racing_ros2_ws/install/tello_msgs/share/ament_index/resource_index/rosidl_interfaces/tello_msgs
[6.507s] -- Up-to-date: /home/vasista/drone_racing_ros2_ws/install/tello_msgs/include/tello_msgs
[6.507s] -- Up-to-date: /home/vasista/drone_racing_ros2_ws/install/tello_msgs/include/tello_msgs/msg
[6.507s] -- Installing: /home/vasista/drone_racing_ros2_ws/install/tello_msgs/include/tello_msgs/msg/flight_data.h
[6.507s] -- Up-to-date: /home/vasista/drone_racing_ros2_ws/install/tello_msgs/include/tello_msgs/msg/detail
[6.507s] -- Installing: /home/vasista/drone_racing_ros2_ws/install/tello_msgs/include/tello_msgs/msg/detail/flight_data__type_support.h
[6.507s] -- Installing: /home/vasista/drone_racing_ros2_ws/install/tello_msgs/include/tello_msgs/msg/detail/tello_response__functions.h
[6.507s] -- Installing: /home/vasista/drone_racing_ros2_ws/install/tello_msgs/include/tello_msgs/msg/detail/tello_response__functions.c
[6.507s] -- Installing: /home/vasista/drone_racing_ros2_ws/install/tello_msgs/include/tello_msgs/msg/detail/flight_data__struct.h
[6.507s] -- Installing: /home/vasista/drone_racing_ros2_ws/install/tello_msgs/include/tello_msgs/msg/detail/flight_data__functions.c
[6.507s] -- Installing: /home/vasista/drone_racing_ros2_ws/install/tello_msgs/include/tello_msgs/msg/detail/tello_response__type_support.h
[6.507s] -- Installing: /home/vasista/drone_racing_ros2_ws/install/tello_msgs/include/tello_msgs/msg/detail/tello_response__struct.h
[6.507s] -- Installing: /home/vasista/drone_racing_ros2_ws/install/tello_msgs/include/tello_msgs/msg/detail/flight_data__functions.h
[6.508s] -- Installing: /home/vasista/drone_racing_ros2_ws/install/tello_msgs/include/tello_msgs/msg/rosidl_generator_c__visibility_control.h
[6.508s] -- Installing: /home/vasista/drone_racing_ros2_ws/install/tello_msgs/include/tello_msgs/msg/tello_response.h
[6.508s] -- Up-to-date: /home/vasista/drone_racing_ros2_ws/install/tello_msgs/include/tello_msgs/srv
[6.508s] -- Up-to-date: /home/vasista/drone_racing_ros2_ws/install/tello_msgs/include/tello_msgs/srv/detail
[6.508s] -- Installing: /home/vasista/drone_racing_ros2_ws/install/tello_msgs/include/tello_msgs/srv/detail/tello_action__functions.h
[6.508s] -- Installing: /home/vasista/drone_racing_ros2_ws/install/tello_msgs/include/tello_msgs/srv/detail/tello_action__functions.c
[6.508s] -- Installing: /home/vasista/drone_racing_ros2_ws/install/tello_msgs/include/tello_msgs/srv/detail/tello_action__type_support.h
[6.508s] -- Installing: /home/vasista/drone_racing_ros2_ws/install/tello_msgs/include/tello_msgs/srv/detail/tello_action__struct.h
[6.508s] -- Installing: /home/vasista/drone_racing_ros2_ws/install/tello_msgs/include/tello_msgs/srv/tello_action.h
[6.508s] -- Installing: /home/vasista/drone_racing_ros2_ws/install/tello_msgs/share/tello_msgs/environment/library_path.sh
[6.508s] -- Installing: /home/vasista/drone_racing_ros2_ws/install/tello_msgs/share/tello_msgs/environment/library_path.dsv
[6.508s] -- Installing: /home/vasista/drone_racing_ros2_ws/install/tello_msgs/lib/libtello_msgs__rosidl_generator_c.so
[6.508s] -- Set runtime path of "/home/vasista/drone_racing_ros2_ws/install/tello_msgs/lib/libtello_msgs__rosidl_generator_c.so" to ""
[6.508s] -- Up-to-date: /home/vasista/drone_racing_ros2_ws/install/tello_msgs/include/tello_msgs
[6.508s] -- Up-to-date: /home/vasista/drone_racing_ros2_ws/install/tello_msgs/include/tello_msgs/msg
[6.508s] -- Up-to-date: /home/vasista/drone_racing_ros2_ws/install/tello_msgs/include/tello_msgs/msg/detail
[6.508s] -- Installing: /home/vasista/drone_racing_ros2_ws/install/tello_msgs/include/tello_msgs/msg/detail/flight_data__rosidl_typesupport_fastrtps_c.h
[6.508s] -- Installing: /home/vasista/drone_racing_ros2_ws/install/tello_msgs/include/tello_msgs/msg/detail/tello_response__rosidl_typesupport_fastrtps_c.h
[6.509s] -- Installing: /home/vasista/drone_racing_ros2_ws/install/tello_msgs/include/tello_msgs/msg/rosidl_typesupport_fastrtps_c__visibility_control.h
[6.509s] -- Up-to-date: /home/vasista/drone_racing_ros2_ws/install/tello_msgs/include/tello_msgs/srv
[6.509s] -- Up-to-date: /home/vasista/drone_racing_ros2_ws/install/tello_msgs/include/tello_msgs/srv/detail
[6.509s] -- Installing: /home/vasista/drone_racing_ros2_ws/install/tello_msgs/include/tello_msgs/srv/detail/tello_action__rosidl_typesupport_fastrtps_c.h
[6.509s] -- Installing: /home/vasista/drone_racing_ros2_ws/install/tello_msgs/lib/libtello_msgs__rosidl_typesupport_fastrtps_c.so
[6.509s] -- Set runtime path of "/home/vasista/drone_racing_ros2_ws/install/tello_msgs/lib/libtello_msgs__rosidl_typesupport_fastrtps_c.so" to ""
[6.509s] -- Up-to-date: /home/vasista/drone_racing_ros2_ws/install/tello_msgs/include/tello_msgs
[6.509s] -- Up-to-date: /home/vasista/drone_racing_ros2_ws/install/tello_msgs/include/tello_msgs/msg
[6.509s] -- Up-to-date: /home/vasista/drone_racing_ros2_ws/install/tello_msgs/include/tello_msgs/msg/detail
[6.509s] -- Installing: /home/vasista/drone_racing_ros2_ws/install/tello_msgs/include/tello_msgs/msg/detail/tello_response__rosidl_typesupport_fastrtps_cpp.hpp
[6.509s] -- Installing: /home/vasista/drone_racing_ros2_ws/install/tello_msgs/include/tello_msgs/msg/detail/flight_data__rosidl_typesupport_fastrtps_cpp.hpp
[6.509s] -- Up-to-date: /home/vasista/drone_racing_ros2_ws/install/tello_msgs/include/tello_msgs/msg/detail/dds_fastrtps
[6.509s] -- Installing: /home/vasista/drone_racing_ros2_ws/install/tello_msgs/include/tello_msgs/msg/rosidl_typesupport_fastrtps_cpp__visibility_control.h
[6.509s] -- Up-to-date: /home/vasista/drone_racing_ros2_ws/install/tello_msgs/include/tello_msgs/srv
[6.509s] -- Up-to-date: /home/vasista/drone_racing_ros2_ws/install/tello_msgs/include/tello_msgs/srv/detail
[6.509s] -- Installing: /home/vasista/drone_racing_ros2_ws/install/tello_msgs/include/tello_msgs/srv/detail/tello_action__rosidl_typesupport_fastrtps_cpp.hpp
[6.509s] -- Up-to-date: /home/vasista/drone_racing_ros2_ws/install/tello_msgs/include/tello_msgs/srv/detail/dds_fastrtps
[6.509s] -- Installing: /home/vasista/drone_racing_ros2_ws/install/tello_msgs/lib/libtello_msgs__rosidl_typesupport_fastrtps_cpp.so
[6.510s] -- Set runtime path of "/home/vasista/drone_racing_ros2_ws/install/tello_msgs/lib/libtello_msgs__rosidl_typesupport_fastrtps_cpp.so" to ""
[6.510s] -- Up-to-date: /home/vasista/drone_racing_ros2_ws/install/tello_msgs/include/tello_msgs
[6.510s] -- Up-to-date: /home/vasista/drone_racing_ros2_ws/install/tello_msgs/include/tello_msgs/msg
[6.510s] -- Up-to-date: /home/vasista/drone_racing_ros2_ws/install/tello_msgs/include/tello_msgs/msg/detail
[6.510s] -- Installing: /home/vasista/drone_racing_ros2_ws/install/tello_msgs/include/tello_msgs/msg/detail/flight_data__type_support.c
[6.510s] -- Installing: /home/vasista/drone_racing_ros2_ws/install/tello_msgs/include/tello_msgs/msg/detail/flight_data__rosidl_typesupport_introspection_c.h
[6.510s] -- Installing: /home/vasista/drone_racing_ros2_ws/install/tello_msgs/include/tello_msgs/msg/detail/tello_response__rosidl_typesupport_introspection_c.h
[6.510s] -- Installing: /home/vasista/drone_racing_ros2_ws/install/tello_msgs/include/tello_msgs/msg/detail/tello_response__type_support.c
[6.510s] -- Installing: /home/vasista/drone_racing_ros2_ws/install/tello_msgs/include/tello_msgs/msg/rosidl_typesupport_introspection_c__visibility_control.h
[6.510s] -- Up-to-date: /home/vasista/drone_racing_ros2_ws/install/tello_msgs/include/tello_msgs/srv
[6.510s] -- Up-to-date: /home/vasista/drone_racing_ros2_ws/install/tello_msgs/include/tello_msgs/srv/detail
[6.510s] -- Installing: /home/vasista/drone_racing_ros2_ws/install/tello_msgs/include/tello_msgs/srv/detail/tello_action__rosidl_typesupport_introspection_c.h
[6.510s] -- Installing: /home/vasista/drone_racing_ros2_ws/install/tello_msgs/include/tello_msgs/srv/detail/tello_action__type_support.c
[6.510s] -- Installing: /home/vasista/drone_racing_ros2_ws/install/tello_msgs/lib/libtello_msgs__rosidl_typesupport_introspection_c.so
[6.510s] -- Set runtime path of "/home/vasista/drone_racing_ros2_ws/install/tello_msgs/lib/libtello_msgs__rosidl_typesupport_introspection_c.so" to ""
[6.510s] -- Installing: /home/vasista/drone_racing_ros2_ws/install/tello_msgs/lib/libtello_msgs__rosidl_typesupport_c.so
[6.511s] -- Set runtime path of "/home/vasista/drone_racing_ros2_ws/install/tello_msgs/lib/libtello_msgs__rosidl_typesupport_c.so" to ""
[6.511s] -- Up-to-date: /home/vasista/drone_racing_ros2_ws/install/tello_msgs/include/tello_msgs
[6.511s] -- Up-to-date: /home/vasista/drone_racing_ros2_ws/install/tello_msgs/include/tello_msgs/msg
[6.511s] -- Up-to-date: /home/vasista/drone_racing_ros2_ws/install/tello_msgs/include/tello_msgs/msg/detail
[6.511s] -- Installing: /home/vasista/drone_racing_ros2_ws/install/tello_msgs/include/tello_msgs/msg/detail/tello_response__traits.hpp
[6.511s] -- Installing: /home/vasista/drone_racing_ros2_ws/install/tello_msgs/include/tello_msgs/msg/detail/tello_response__builder.hpp
[6.511s] -- Installing: /home/vasista/drone_racing_ros2_ws/install/tello_msgs/include/tello_msgs/msg/detail/flight_data__builder.hpp
[6.511s] -- Installing: /home/vasista/drone_racing_ros2_ws/install/tello_msgs/include/tello_msgs/msg/detail/flight_data__struct.hpp
[6.511s] -- Installing: /home/vasista/drone_racing_ros2_ws/install/tello_msgs/include/tello_msgs/msg/detail/flight_data__traits.hpp
[6.511s] -- Installing: /home/vasista/drone_racing_ros2_ws/install/tello_msgs/include/tello_msgs/msg/detail/tello_response__struct.hpp
[6.511s] -- Installing: /home/vasista/drone_racing_ros2_ws/install/tello_msgs/include/tello_msgs/msg/flight_data.hpp
[6.511s] -- Installing: /home/vasista/drone_racing_ros2_ws/install/tello_msgs/include/tello_msgs/msg/tello_response.hpp
[6.511s] -- Up-to-date: /home/vasista/drone_racing_ros2_ws/install/tello_msgs/include/tello_msgs/srv
[6.511s] -- Up-to-date: /home/vasista/drone_racing_ros2_ws/install/tello_msgs/include/tello_msgs/srv/detail
[6.511s] -- Installing: /home/vasista/drone_racing_ros2_ws/install/tello_msgs/include/tello_msgs/srv/detail/tello_action__struct.hpp
[6.511s] -- Installing: /home/vasista/drone_racing_ros2_ws/install/tello_msgs/include/tello_msgs/srv/detail/tello_action__builder.hpp
[6.511s] -- Installing: /home/vasista/drone_racing_ros2_ws/install/tello_msgs/include/tello_msgs/srv/detail/tello_action__traits.hpp
[6.511s] -- Installing: /home/vasista/drone_racing_ros2_ws/install/tello_msgs/include/tello_msgs/srv/tello_action.hpp
[6.512s] -- Up-to-date: /home/vasista/drone_racing_ros2_ws/install/tello_msgs/include/tello_msgs
[6.512s] -- Up-to-date: /home/vasista/drone_racing_ros2_ws/install/tello_msgs/include/tello_msgs/msg
[6.512s] -- Up-to-date: /home/vasista/drone_racing_ros2_ws/install/tello_msgs/include/tello_msgs/msg/detail
[6.512s] -- Installing: /home/vasista/drone_racing_ros2_ws/install/tello_msgs/include/tello_msgs/msg/detail/tello_response__rosidl_typesupport_introspection_cpp.hpp
[6.512s] -- Installing: /home/vasista/drone_racing_ros2_ws/install/tello_msgs/include/tello_msgs/msg/detail/tello_response__type_support.cpp
[6.512s] -- Installing: /home/vasista/drone_racing_ros2_ws/install/tello_msgs/include/tello_msgs/msg/detail/flight_data__type_support.cpp
[6.512s] -- Installing: /home/vasista/drone_racing_ros2_ws/install/tello_msgs/include/tello_msgs/msg/detail/flight_data__rosidl_typesupport_introspection_cpp.hpp
[6.512s] -- Up-to-date: /home/vasista/drone_racing_ros2_ws/install/tello_msgs/include/tello_msgs/srv
[6.512s] -- Up-to-date: /home/vasista/drone_racing_ros2_ws/install/tello_msgs/include/tello_msgs/srv/detail
[6.512s] -- Installing: /home/vasista/drone_racing_ros2_ws/install/tello_msgs/include/tello_msgs/srv/detail/tello_action__type_support.cpp
[6.512s] -- Installing: /home/vasista/drone_racing_ros2_ws/install/tello_msgs/include/tello_msgs/srv/detail/tello_action__rosidl_typesupport_introspection_cpp.hpp
[6.512s] -- Installing: /home/vasista/drone_racing_ros2_ws/install/tello_msgs/lib/libtello_msgs__rosidl_typesupport_introspection_cpp.so
[6.512s] -- Set runtime path of "/home/vasista/drone_racing_ros2_ws/install/tello_msgs/lib/libtello_msgs__rosidl_typesupport_introspection_cpp.so" to ""
[6.512s] -- Installing: /home/vasista/drone_racing_ros2_ws/install/tello_msgs/lib/libtello_msgs__rosidl_typesupport_cpp.so
[6.513s] -- Set runtime path of "/home/vasista/drone_racing_ros2_ws/install/tello_msgs/lib/libtello_msgs__rosidl_typesupport_cpp.so" to ""
[6.513s] -- Installing: /home/vasista/drone_racing_ros2_ws/install/tello_msgs/share/tello_msgs/environment/pythonpath.sh
[6.513s] -- Installing: /home/vasista/drone_racing_ros2_ws/install/tello_msgs/share/tello_msgs/environment/pythonpath.dsv
[6.513s] -- Installing: /home/vasista/drone_racing_ros2_ws/install/tello_msgs/lib/python3.8/site-packages/tello_msgs/__init__.py
[6.532s] Compiling '/home/vasista/drone_racing_ros2_ws/install/tello_msgs/lib/python3.8/site-packages/tello_msgs/__init__.py'...
[6.535s] -- Installing: /home/vasista/drone_racing_ros2_ws/install/tello_msgs/lib/python3.8/site-packages/tello_msgs/msg
[6.535s] -- Installing: /home/vasista/drone_racing_ros2_ws/install/tello_msgs/lib/python3.8/site-packages/tello_msgs/msg/_flight_data_s.c
[6.535s] -- Installing: /home/vasista/drone_racing_ros2_ws/install/tello_msgs/lib/python3.8/site-packages/tello_msgs/msg/_tello_response.py
[6.535s] -- Installing: /home/vasista/drone_racing_ros2_ws/install/tello_msgs/lib/python3.8/site-packages/tello_msgs/msg/__init__.py
[6.535s] -- Installing: /home/vasista/drone_racing_ros2_ws/install/tello_msgs/lib/python3.8/site-packages/tello_msgs/msg/_flight_data.py
[6.536s] -- Installing: /home/vasista/drone_racing_ros2_ws/install/tello_msgs/lib/python3.8/site-packages/tello_msgs/msg/_tello_response_s.c
[6.536s] -- Installing: /home/vasista/drone_racing_ros2_ws/install/tello_msgs/lib/python3.8/site-packages/tello_msgs/srv
[6.536s] -- Installing: /home/vasista/drone_racing_ros2_ws/install/tello_msgs/lib/python3.8/site-packages/tello_msgs/srv/_tello_action.py
[6.536s] -- Installing: /home/vasista/drone_racing_ros2_ws/install/tello_msgs/lib/python3.8/site-packages/tello_msgs/srv/_tello_action_s.c
[6.536s] -- Installing: /home/vasista/drone_racing_ros2_ws/install/tello_msgs/lib/python3.8/site-packages/tello_msgs/srv/__init__.py
[6.536s] -- Installing: /home/vasista/drone_racing_ros2_ws/install/tello_msgs/lib/python3.8/site-packages/tello_msgs/tello_msgs_s__rosidl_typesupport_fastrtps_c.cpython-38-x86_64-linux-gnu.so
[6.536s] -- Set runtime path of "/home/vasista/drone_racing_ros2_ws/install/tello_msgs/lib/python3.8/site-packages/tello_msgs/tello_msgs_s__rosidl_typesupport_fastrtps_c.cpython-38-x86_64-linux-gnu.so" to ""
[6.536s] -- Installing: /home/vasista/drone_racing_ros2_ws/install/tello_msgs/lib/python3.8/site-packages/tello_msgs/tello_msgs_s__rosidl_typesupport_introspection_c.cpython-38-x86_64-linux-gnu.so
[6.537s] -- Set runtime path of "/home/vasista/drone_racing_ros2_ws/install/tello_msgs/lib/python3.8/site-packages/tello_msgs/tello_msgs_s__rosidl_typesupport_introspection_c.cpython-38-x86_64-linux-gnu.so" to ""
[6.537s] -- Installing: /home/vasista/drone_racing_ros2_ws/install/tello_msgs/lib/python3.8/site-packages/tello_msgs/tello_msgs_s__rosidl_typesupport_c.cpython-38-x86_64-linux-gnu.so
[6.537s] -- Set runtime path of "/home/vasista/drone_racing_ros2_ws/install/tello_msgs/lib/python3.8/site-packages/tello_msgs/tello_msgs_s__rosidl_typesupport_c.cpython-38-x86_64-linux-gnu.so" to ""
[6.537s] -- Installing: /home/vasista/drone_racing_ros2_ws/install/tello_msgs/lib/libtello_msgs__python.so
[6.537s] -- Set runtime path of "/home/vasista/drone_racing_ros2_ws/install/tello_msgs/lib/libtello_msgs__python.so" to ""
[6.537s] -- Installing: /home/vasista/drone_racing_ros2_ws/install/tello_msgs/share/tello_msgs/msg/FlightData.idl
[6.537s] -- Installing: /home/vasista/drone_racing_ros2_ws/install/tello_msgs/share/tello_msgs/msg/TelloResponse.idl
[6.537s] -- Installing: /home/vasista/drone_racing_ros2_ws/install/tello_msgs/share/tello_msgs/srv/TelloAction.idl
[6.537s] -- Installing: /home/vasista/drone_racing_ros2_ws/install/tello_msgs/share/tello_msgs/msg/FlightData.msg
[6.538s] -- Installing: /home/vasista/drone_racing_ros2_ws/install/tello_msgs/share/tello_msgs/msg/TelloResponse.msg
[6.538s] -- Installing: /home/vasista/drone_racing_ros2_ws/install/tello_msgs/share/tello_msgs/srv/TelloAction.srv
[6.538s] -- Installing: /home/vasista/drone_racing_ros2_ws/install/tello_msgs/share/tello_msgs/srv/TelloAction_Request.msg
[6.538s] -- Installing: /home/vasista/drone_racing_ros2_ws/install/tello_msgs/share/tello_msgs/srv/TelloAction_Response.msg
[6.538s] -- Installing: /home/vasista/drone_racing_ros2_ws/install/tello_msgs/share/ament_index/resource_index/package_run_dependencies/tello_msgs
[6.538s] -- Installing: /home/vasista/drone_racing_ros2_ws/install/tello_msgs/share/ament_index/resource_index/parent_prefix_path/tello_msgs
[6.538s] -- Installing: /home/vasista/drone_racing_ros2_ws/install/tello_msgs/share/tello_msgs/environment/ament_prefix_path.sh
[6.538s] -- Installing: /home/vasista/drone_racing_ros2_ws/install/tello_msgs/share/tello_msgs/environment/ament_prefix_path.dsv
[6.538s] -- Installing: /home/vasista/drone_racing_ros2_ws/install/tello_msgs/share/tello_msgs/environment/path.sh
[6.538s] -- Installing: /home/vasista/drone_racing_ros2_ws/install/tello_msgs/share/tello_msgs/environment/path.dsv
[6.538s] -- Installing: /home/vasista/drone_racing_ros2_ws/install/tello_msgs/share/tello_msgs/local_setup.bash
[6.538s] -- Installing: /home/vasista/drone_racing_ros2_ws/install/tello_msgs/share/tello_msgs/local_setup.sh
[6.538s] -- Installing: /home/vasista/drone_racing_ros2_ws/install/tello_msgs/share/tello_msgs/local_setup.zsh
[6.539s] -- Installing: /home/vasista/drone_racing_ros2_ws/install/tello_msgs/share/tello_msgs/local_setup.dsv
[6.539s] -- Installing: /home/vasista/drone_racing_ros2_ws/install/tello_msgs/share/tello_msgs/package.dsv
[6.539s] -- Installing: /home/vasista/drone_racing_ros2_ws/install/tello_msgs/share/ament_index/resource_index/packages/tello_msgs
[6.539s] -- Installing: /home/vasista/drone_racing_ros2_ws/install/tello_msgs/share/tello_msgs/cmake/tello_msgs__rosidl_generator_cExport.cmake
[6.539s] -- Installing: /home/vasista/drone_racing_ros2_ws/install/tello_msgs/share/tello_msgs/cmake/tello_msgs__rosidl_generator_cExport-noconfig.cmake
[6.539s] -- Installing: /home/vasista/drone_racing_ros2_ws/install/tello_msgs/share/tello_msgs/cmake/tello_msgs__rosidl_typesupport_introspection_cExport.cmake
[6.539s] -- Installing: /home/vasista/drone_racing_ros2_ws/install/tello_msgs/share/tello_msgs/cmake/tello_msgs__rosidl_typesupport_introspection_cExport-noconfig.cmake
[6.539s] -- Installing: /home/vasista/drone_racing_ros2_ws/install/tello_msgs/share/tello_msgs/cmake/tello_msgs__rosidl_typesupport_cExport.cmake
[6.539s] -- Installing: /home/vasista/drone_racing_ros2_ws/install/tello_msgs/share/tello_msgs/cmake/tello_msgs__rosidl_typesupport_cExport-noconfig.cmake
[6.539s] -- Installing: /home/vasista/drone_racing_ros2_ws/install/tello_msgs/share/tello_msgs/cmake/tello_msgs__rosidl_generator_cppExport.cmake
[6.539s] -- Installing: /home/vasista/drone_racing_ros2_ws/install/tello_msgs/share/tello_msgs/cmake/tello_msgs__rosidl_typesupport_introspection_cppExport.cmake
[6.540s] -- Installing: /home/vasista/drone_racing_ros2_ws/install/tello_msgs/share/tello_msgs/cmake/tello_msgs__rosidl_typesupport_introspection_cppExport-noconfig.cmake
[6.540s] -- Installing: /home/vasista/drone_racing_ros2_ws/install/tello_msgs/share/tello_msgs/cmake/tello_msgs__rosidl_typesupport_cppExport.cmake
[6.540s] -- Installing: /home/vasista/drone_racing_ros2_ws/install/tello_msgs/share/tello_msgs/cmake/tello_msgs__rosidl_typesupport_cppExport-noconfig.cmake
[6.540s] -- Installing: /home/vasista/drone_racing_ros2_ws/install/tello_msgs/share/tello_msgs/cmake/rosidl_cmake-extras.cmake
[6.540s] -- Installing: /home/vasista/drone_racing_ros2_ws/install/tello_msgs/share/tello_msgs/cmake/ament_cmake_export_dependencies-extras.cmake
[6.540s] -- Installing: /home/vasista/drone_racing_ros2_ws/install/tello_msgs/share/tello_msgs/cmake/ament_cmake_export_libraries-extras.cmake
[6.540s] -- Installing: /home/vasista/drone_racing_ros2_ws/install/tello_msgs/share/tello_msgs/cmake/ament_cmake_export_targets-extras.cmake
[6.540s] -- Installing: /home/vasista/drone_racing_ros2_ws/install/tello_msgs/share/tello_msgs/cmake/ament_cmake_export_include_directories-extras.cmake
[6.540s] -- Installing: /home/vasista/drone_racing_ros2_ws/install/tello_msgs/share/tello_msgs/cmake/rosidl_cmake_export_typesupport_libraries-extras.cmake
[6.540s] -- Installing: /home/vasista/drone_racing_ros2_ws/install/tello_msgs/share/tello_msgs/cmake/rosidl_cmake_export_typesupport_targets-extras.cmake
[6.540s] -- Installing: /home/vasista/drone_racing_ros2_ws/install/tello_msgs/share/tello_msgs/cmake/tello_msgsConfig.cmake
[6.540s] -- Installing: /home/vasista/drone_racing_ros2_ws/install/tello_msgs/share/tello_msgs/cmake/tello_msgsConfig-version.cmake
[6.540s] -- Installing: /home/vasista/drone_racing_ros2_ws/install/tello_msgs/share/tello_msgs/package.xml
[6.543s] Invoked command in '/home/vasista/drone_racing_ros2_ws/build/tello_msgs' returned '0': CMAKE_PREFIX_PATH=/opt/ros/galactic /usr/bin/cmake --install /home/vasista/drone_racing_ros2_ws/build/tello_msgs
